Using pre-set license
Built from '2021.3/staging' branch; Version is '2021.3.22f1 (b6c551784ba3) revision 11978065'; Using compiler version '192829333'; Build Type 'Release'
OS: 'Windows 11  (10.0.22621) 64bit Core' Language: 'en' Physical Memory: 15711 MB
BatchMode: 1, IsHumanControllingUs: 0, StartBugReporterOnCrash: 0, Is64bit: 1, IsPro: 1

COMMAND LINE ARGUMENTS:
C:\IADE\2021.3.22f1\Editor\Unity.exe
-adb2
-batchMode
-noUpm
-name
AssetImportWorker0
-projectPath
C:/Users/fabio/Documents/GitHub/Vandals/city
-logFile
Logs/AssetImportWorker0.log
-srvPort
50251
Successfully changed project path to: C:/Users/fabio/Documents/GitHub/Vandals/city
C:/Users/fabio/Documents/GitHub/Vandals/city
[UnityMemory] Configuration Parameters - Can be set up in boot.config
    "memorysetup-bucket-allocator-granularity=16"
    "memorysetup-bucket-allocator-bucket-count=8"
    "memorysetup-bucket-allocator-block-size=33554432"
    "memorysetup-bucket-allocator-block-count=8"
    "memorysetup-main-allocator-block-size=16777216"
    "memorysetup-thread-allocator-block-size=16777216"
    "memorysetup-gfx-main-allocator-block-size=16777216"
    "memorysetup-gfx-thread-allocator-block-size=16777216"
    "memorysetup-cache-allocator-block-size=4194304"
    "memorysetup-typetree-allocator-block-size=2097152"
    "memorysetup-profiler-bucket-allocator-granularity=16"
    "memorysetup-profiler-bucket-allocator-bucket-count=8"
    "memorysetup-profiler-bucket-allocator-block-size=33554432"
    "memorysetup-profiler-bucket-allocator-block-count=8"
    "memorysetup-profiler-allocator-block-size=16777216"
    "memorysetup-profiler-editor-allocator-block-size=1048576"
    "memorysetup-temp-allocator-size-main=16777216"
    "memorysetup-job-temp-allocator-block-size=2097152"
    "memorysetup-job-temp-allocator-block-size-background=1048576"
    "memorysetup-job-temp-allocator-reduction-small-platforms=262144"
    "memorysetup-temp-allocator-size-background-worker=32768"
    "memorysetup-temp-allocator-size-job-worker=262144"
    "memorysetup-temp-allocator-size-preload-manager=33554432"
    "memorysetup-temp-allocator-size-nav-mesh-worker=65536"
    "memorysetup-temp-allocator-size-audio-worker=65536"
    "memorysetup-temp-allocator-size-cloud-worker=32768"
    "memorysetup-temp-allocator-size-gi-baking-worker=262144"
    "memorysetup-temp-allocator-size-gfx=262144"
Player connection [25368] Host "[IP] 192.168.1.82 [Port] 0 [Flags] 2 [Guid] 2976288565 [EditorId] 2976288565 [Version] 1048832 [Id] WindowsEditor(7,Fab_Laptop) [Debug] 1 [PackageName] WindowsEditor [ProjectName] Editor" joined multi-casting on [225.0.0.222:54997]...

Player connection [25368] Host "[IP] 192.168.1.82 [Port] 0 [Flags] 2 [Guid] 2976288565 [EditorId] 2976288565 [Version] 1048832 [Id] WindowsEditor(7,Fab_Laptop) [Debug] 1 [PackageName] WindowsEditor [ProjectName] Editor" joined alternative multi-casting on [225.0.0.222:34997]...

Refreshing native plugins compatible for Editor in 127.01 ms, found 5 plugins.
Preloading 0 native plugins for Editor in 0.00 ms.
Initialize engine version: 2021.3.22f1 (b6c551784ba3)
[Subsystems] Discovering subsystems at path C:/IADE/2021.3.22f1/Editor/Data/Resources/UnitySubsystems
[Subsystems] Discovering subsystems at path C:/Users/fabio/Documents/GitHub/Vandals/city/Assets
GfxDevice: creating device client; threaded=0; jobified=0
Direct3D:
    Version:  Direct3D 11.0 [level 11.1]
    Renderer: NVIDIA GeForce RTX 3050 Laptop GPU (ID=0x25a2)
    Vendor:   NVIDIA
    VRAM:     3991 MB
    Driver:   30.0.15.1278
Initialize mono
Mono path[0] = 'C:/IADE/2021.3.22f1/Editor/Data/Managed'
Mono path[1] = 'C:/IADE/2021.3.22f1/Editor/Data/MonoBleedingEdge/lib/mono/unityjit-win32'
Mono config path = 'C:/IADE/2021.3.22f1/Editor/Data/MonoBleedingEdge/etc'
Using monoOptions --debugger-agent=transport=dt_socket,embedding=1,server=y,suspend=n,address=127.0.0.1:56560
Begin MonoManager ReloadAssembly
Registering precompiled unity dll's ...
Register platform support module: C:/IADE/2021.3.22f1/Editor/Data/PlaybackEngines/WebGLSupport/UnityEditor.WebGL.Extensions.dll
Register platform support module: C:/IADE/2021.3.22f1/Editor/Data/PlaybackEngines/WindowsStandaloneSupport/UnityEditor.WindowsStandalone.Extensions.dll
Registered in 0.008139 seconds.
Native extension for WindowsStandalone target not found
Native extension for WebGL target not found
Refreshing native plugins compatible for Editor in 110.13 ms, found 5 plugins.
Preloading 0 native plugins for Editor in 0.00 ms.
Mono: successfully reloaded assembly
- Completed reload, in  0.974 seconds
Domain Reload Profiling:
	ReloadAssembly (975ms)
		BeginReloadAssembly (148ms)
			ExecutionOrderSort (0ms)
			DisableScriptedObjects (0ms)
			BackupInstance (0ms)
			ReleaseScriptingObjects (0ms)
			CreateAndSetChildDomain (1ms)
		EndReloadAssembly (682ms)
			LoadAssemblies (145ms)
			RebuildTransferFunctionScriptingTraits (0ms)
			SetupTypeCache (163ms)
			ReleaseScriptCaches (0ms)
			RebuildScriptCaches (39ms)
			SetupLoadedEditorAssemblies (407ms)
				LogAssemblyErrors (0ms)
				InitializePlatformSupportModulesInManaged (12ms)
				SetLoadedEditorAssemblies (0ms)
				RefreshPlugins (110ms)
				BeforeProcessingInitializeOnLoad (2ms)
				ProcessInitializeOnLoadAttributes (219ms)
				ProcessInitializeOnLoadMethodAttributes (63ms)
				AfterProcessingInitializeOnLoad (0ms)
				EditorAssembliesLoaded (0ms)
			ExecutionOrderSort2 (0ms)
			AwakeInstancesAfterBackupRestoration (0ms)
Platform modules already initialized, skipping
Registering precompiled user dll's ...
Registered in 0.014759 seconds.
Begin MonoManager ReloadAssembly
Symbol file LoadedFromMemory doesn't match image C:\Users\fabio\Documents\GitHub\Vandals\city\Library\PackageCache\com.unity.visualscripting@1.8.0\Editor\VisualScripting.Core\Dependencies\YamlDotNet\Unity.VisualScripting.YamlDotNet.dll
Symbol file LoadedFromMemory doesn't match image C:\Users\fabio\Documents\GitHub\Vandals\city\Library\PackageCache\com.unity.visualscripting@1.8.0\Editor\VisualScripting.Core\Dependencies\DotNetZip\Unity.VisualScripting.IonicZip.dll
Native extension for WindowsStandalone target not found
Native extension for WebGL target not found
Refreshing native plugins compatible for Editor in 0.87 ms, found 5 plugins.
Preloading 0 native plugins for Editor in 0.00 ms.
Mono: successfully reloaded assembly
- Completed reload, in  1.758 seconds
Domain Reload Profiling:
	ReloadAssembly (1760ms)
		BeginReloadAssembly (231ms)
			ExecutionOrderSort (0ms)
			DisableScriptedObjects (11ms)
			BackupInstance (0ms)
			ReleaseScriptingObjects (0ms)
			CreateAndSetChildDomain (33ms)
		EndReloadAssembly (1344ms)
			LoadAssemblies (177ms)
			RebuildTransferFunctionScriptingTraits (0ms)
			SetupTypeCache (398ms)
			ReleaseScriptCaches (1ms)
			RebuildScriptCaches (82ms)
			SetupLoadedEditorAssemblies (638ms)
				LogAssemblyErrors (0ms)
				InitializePlatformSupportModulesInManaged (9ms)
				SetLoadedEditorAssemblies (1ms)
				RefreshPlugins (1ms)
				BeforeProcessingInitializeOnLoad (141ms)
				ProcessInitializeOnLoadAttributes (435ms)
				ProcessInitializeOnLoadMethodAttributes (33ms)
				AfterProcessingInitializeOnLoad (17ms)
				EditorAssembliesLoaded (0ms)
			ExecutionOrderSort2 (0ms)
			AwakeInstancesAfterBackupRestoration (16ms)
Platform modules already initialized, skipping
========================================================================
Worker process is ready to serve import requests
Launched and connected shader compiler UnityShaderCompiler.exe after 0.08 seconds
Refreshing native plugins compatible for Editor in 1.15 ms, found 5 plugins.
Preloading 0 native plugins for Editor in 0.00 ms.
Unloading 3208 Unused Serialized files (Serialized files now loaded: 0)
Unloading 27 unused Assets / (114.6 KB). Loaded Objects now: 3668.
Memory consumption went from 115.9 MB to 115.7 MB.
Total: 4.388400 ms (FindLiveObjects: 0.384500 ms CreateObjectMapping: 0.205800 ms MarkObjects: 3.566900 ms  DeleteObjects: 0.229800 ms)

AssetImportParameters requested are different than current active one (requested -> active):
  custom:video-decoder-ogg-theora: a1e56fd34408186e4bbccfd4996cb3dc -> 
  custom:container-muxer-webm: aa71ff27fc2769a1b78a27578f13a17b -> 
  custom:container-demuxer-webm: 4f35f7cbe854078d1ac9338744f61a02 -> 
  custom:video-encoder-webm-vp8: eb34c28f22e8b96e1ab97ce403110664 -> 
  custom:audio-encoder-webm-vorbis: bf7c407c2cedff20999df2af8eb42d56 -> 
  custom:framework-win-MediaFoundation: 216162199b28c13a410421893ffa2e32 -> 
  custom:container-demuxer-ogg: 62fdf1f143b41e24485cea50d1cbac27 -> 
  custom:video-decoder-webm-vp8: 9c59270c3fd7afecdb556c50c9e8de78 -> 
  custom:audio-decoder-ogg-vorbis: bf7c407c2cedff20999df2af8eb42d56 -> 
========================================================================
Received Import Request.
  Time since last request: 4506.325427 seconds.
  path: Assets/3D Models/street-lamp/textures/Material.003_Base_Color.png
  artifactKey: Guid(4bf35ce46cb5e5c41995ef2e43b3b20c) Importer(815301076,1909f56bfc062723c751e8b465ee728b)
Start importing Assets/3D Models/street-lamp/textures/Material.003_Base_Color.png using Guid(4bf35ce46cb5e5c41995ef2e43b3b20c) Importer(815301076,1909f56bfc062723c751e8b465ee728b)  -> (artifact id: '79ef96a802ad6f6cfcd4ea0920b50e06') in 0.223042 seconds 
========================================================================
Received Import Request.
  Time since last request: 0.000037 seconds.
  path: Assets/3D Models/street-lamp/textures
  artifactKey: Guid(542f10a887ff7d740a5146af1778aac3) Importer(815301076,1909f56bfc062723c751e8b465ee728b)
Start importing Assets/3D Models/street-lamp/textures using Guid(542f10a887ff7d740a5146af1778aac3) Importer(815301076,1909f56bfc062723c751e8b465ee728b)  -> (artifact id: 'cd13c1c26bfbc469ed74bb14606cdd20') in 0.012763 seconds 
========================================================================
Received Import Request.
  Time since last request: 0.000041 seconds.
  path: Assets/3D Models/street-lamp/textures/Material.003_Mixed_AO.png
  artifactKey: Guid(b72df4bee3d20224da037efb247d9295) Importer(815301076,1909f56bfc062723c751e8b465ee728b)
Start importing Assets/3D Models/street-lamp/textures/Material.003_Mixed_AO.png using Guid(b72df4bee3d20224da037efb247d9295) Importer(815301076,1909f56bfc062723c751e8b465ee728b)  -> (artifact id: 'a5f64247a530a4c63124a2ad0e67f539') in 0.023591 seconds 
========================================================================
Received Import Request.
  Time since last request: 0.000037 seconds.
  path: Assets/3D Models/street-lamp/textures/Material.003_Metallic.png
  artifactKey: Guid(a45ea535cc2ab4e489657016bdb8a638) Importer(815301076,1909f56bfc062723c751e8b465ee728b)
Start importing Assets/3D Models/street-lamp/textures/Material.003_Metallic.png using Guid(a45ea535cc2ab4e489657016bdb8a638) Importer(815301076,1909f56bfc062723c751e8b465ee728b)  -> (artifact id: '1749dc7d6c138c5ba733f7258a1f75a3') in 0.026027 seconds 
========================================================================
Received Import Request.
  Time since last request: 0.000029 seconds.
  path: Assets/3D Models/street-lamp
  artifactKey: Guid(c6a8ba518c8cc464f8dccc37e2b637fc) Importer(815301076,1909f56bfc062723c751e8b465ee728b)
Start importing Assets/3D Models/street-lamp using Guid(c6a8ba518c8cc464f8dccc37e2b637fc) Importer(815301076,1909f56bfc062723c751e8b465ee728b)  -> (artifact id: 'e3cc86084ea0dfcf35d81fe39bb971d9') in 0.012248 seconds 
========================================================================
Received Import Request.
  Time since last request: 0.000022 seconds.
  path: Assets/3D Models/street-lamp/source
  artifactKey: Guid(f4ced6f5a230fe941b098d4c73efc604) Importer(815301076,1909f56bfc062723c751e8b465ee728b)
Start importing Assets/3D Models/street-lamp/source using Guid(f4ced6f5a230fe941b098d4c73efc604) Importer(815301076,1909f56bfc062723c751e8b465ee728b)  -> (artifact id: '840292199eae508cc3c046b880158356') in 0.013470 seconds 
========================================================================
Received Import Request.
  Time since last request: 0.000038 seconds.
  path: Assets/3D Models
  artifactKey: Guid(1dbd61aa889fc5b4c8762442902ffb4e) Importer(815301076,1909f56bfc062723c751e8b465ee728b)
Start importing Assets/3D Models using Guid(1dbd61aa889fc5b4c8762442902ffb4e) Importer(815301076,1909f56bfc062723c751e8b465ee728b)  -> (artifact id: 'fef01e03476999a0d7bc12300fe1bba2') in 0.013068 seconds 
========================================================================
Received Import Request.
  Time since last request: 4.210439 seconds.
  path: Assets/Materials/Art4.mat
  artifactKey: Guid(6f5fa408834e95245a05fb16dc5f8155) Importer(815301076,1909f56bfc062723c751e8b465ee728b)
Start importing Assets/Materials/Art4.mat using Guid(6f5fa408834e95245a05fb16dc5f8155) Importer(815301076,1909f56bfc062723c751e8b465ee728b)  -> (artifact id: '75ad2c69e139027ff3539ef73900438a') in 0.143614 seconds 
========================================================================
Received Import Request.
  Time since last request: 0.000028 seconds.
  path: Assets/Materials/New Material 1.mat
  artifactKey: Guid(0fb6069caa1a0374eb2a9a90e8f7bc4b) Importer(815301076,1909f56bfc062723c751e8b465ee728b)
Start importing Assets/Materials/New Material 1.mat using Guid(0fb6069caa1a0374eb2a9a90e8f7bc4b) Importer(815301076,1909f56bfc062723c751e8b465ee728b)  -> (artifact id: 'fdc8b8d03188b9f6e193850cf2f14e51') in 0.035542 seconds 
========================================================================
Received Import Request.
  Time since last request: 0.000067 seconds.
  path: Assets/Materials/Art10.mat
  artifactKey: Guid(c184ca87231b7c4479166e37ca5b092a) Importer(815301076,1909f56bfc062723c751e8b465ee728b)
Start importing Assets/Materials/Art10.mat using Guid(c184ca87231b7c4479166e37ca5b092a) Importer(815301076,1909f56bfc062723c751e8b465ee728b)  -> (artifact id: '54c9310689def1be3581ada482e43438') in 0.033261 seconds 
========================================================================
Received Import Request.
  Time since last request: 0.000039 seconds.
  path: Assets/Materials/Lamp.mat
  artifactKey: Guid(be67fa53f288dda4da477e85a3f39fb8) Importer(815301076,1909f56bfc062723c751e8b465ee728b)
Start importing Assets/Materials/Lamp.mat using Guid(be67fa53f288dda4da477e85a3f39fb8) Importer(815301076,1909f56bfc062723c751e8b465ee728b)  -> (artifact id: '62d5e57397f8c8707a761d298688021e') in 0.070783 seconds 
