Using pre-set license
Built from '2021.3/staging' branch; Version is '2021.3.22f1 (b6c551784ba3) revision 11978065'; Using compiler version '192829333'; Build Type 'Release'
OS: 'Windows 11  (10.0.22621) 64bit Core' Language: 'en' Physical Memory: 15711 MB
BatchMode: 1, IsHumanControllingUs: 0, StartBugReporterOnCrash: 0, Is64bit: 1, IsPro: 1

COMMAND LINE ARGUMENTS:
C:\IADE\2021.3.22f1\Editor\Unity.exe
-adb2
-batchMode
-noUpm
-name
AssetImportWorker2
-projectPath
C:/Users/fabio/Documents/GitHub/Vandals/city
-logFile
Logs/AssetImportWorker2.log
-srvPort
49899
Successfully changed project path to: C:/Users/fabio/Documents/GitHub/Vandals/city
C:/Users/fabio/Documents/GitHub/Vandals/city
[UnityMemory] Configuration Parameters - Can be set up in boot.config
    "memorysetup-bucket-allocator-granularity=16"
    "memorysetup-bucket-allocator-bucket-count=8"
    "memorysetup-bucket-allocator-block-size=33554432"
    "memorysetup-bucket-allocator-block-count=8"
    "memorysetup-main-allocator-block-size=16777216"
    "memorysetup-thread-allocator-block-size=16777216"
    "memorysetup-gfx-main-allocator-block-size=16777216"
    "memorysetup-gfx-thread-allocator-block-size=16777216"
    "memorysetup-cache-allocator-block-size=4194304"
    "memorysetup-typetree-allocator-block-size=2097152"
    "memorysetup-profiler-bucket-allocator-granularity=16"
    "memorysetup-profiler-bucket-allocator-bucket-count=8"
    "memorysetup-profiler-bucket-allocator-block-size=33554432"
    "memorysetup-profiler-bucket-allocator-block-count=8"
    "memorysetup-profiler-allocator-block-size=16777216"
    "memorysetup-profiler-editor-allocator-block-size=1048576"
    "memorysetup-temp-allocator-size-main=16777216"
    "memorysetup-job-temp-allocator-block-size=2097152"
    "memorysetup-job-temp-allocator-block-size-background=1048576"
    "memorysetup-job-temp-allocator-reduction-small-platforms=262144"
    "memorysetup-temp-allocator-size-background-worker=32768"
    "memorysetup-temp-allocator-size-job-worker=262144"
    "memorysetup-temp-allocator-size-preload-manager=33554432"
    "memorysetup-temp-allocator-size-nav-mesh-worker=65536"
    "memorysetup-temp-allocator-size-audio-worker=65536"
    "memorysetup-temp-allocator-size-cloud-worker=32768"
    "memorysetup-temp-allocator-size-gi-baking-worker=262144"
    "memorysetup-temp-allocator-size-gfx=262144"
Player connection [6492] Host "[IP] 192.168.1.91 [Port] 0 [Flags] 2 [Guid] 729534779 [EditorId] 729534779 [Version] 1048832 [Id] WindowsEditor(7,Fab_Laptop) [Debug] 1 [PackageName] WindowsEditor [ProjectName] Editor" joined multi-casting on [225.0.0.222:54997]...

Player connection [6492] Host "[IP] 192.168.1.91 [Port] 0 [Flags] 2 [Guid] 729534779 [EditorId] 729534779 [Version] 1048832 [Id] WindowsEditor(7,Fab_Laptop) [Debug] 1 [PackageName] WindowsEditor [ProjectName] Editor" joined alternative multi-casting on [225.0.0.222:34997]...

Refreshing native plugins compatible for Editor in 128.54 ms, found 5 plugins.
Preloading 0 native plugins for Editor in 0.00 ms.
Initialize engine version: 2021.3.22f1 (b6c551784ba3)
[Subsystems] Discovering subsystems at path C:/IADE/2021.3.22f1/Editor/Data/Resources/UnitySubsystems
[Subsystems] Discovering subsystems at path C:/Users/fabio/Documents/GitHub/Vandals/city/Assets
GfxDevice: creating device client; threaded=0; jobified=0
Direct3D:
    Version:  Direct3D 11.0 [level 11.1]
    Renderer: NVIDIA GeForce RTX 3050 Laptop GPU (ID=0x25a2)
    Vendor:   NVIDIA
    VRAM:     3991 MB
    Driver:   30.0.15.1278
Initialize mono
Mono path[0] = 'C:/IADE/2021.3.22f1/Editor/Data/Managed'
Mono path[1] = 'C:/IADE/2021.3.22f1/Editor/Data/MonoBleedingEdge/lib/mono/unityjit-win32'
Mono config path = 'C:/IADE/2021.3.22f1/Editor/Data/MonoBleedingEdge/etc'
Using monoOptions --debugger-agent=transport=dt_socket,embedding=1,server=y,suspend=n,address=127.0.0.1:56604
Begin MonoManager ReloadAssembly
Registering precompiled unity dll's ...
Register platform support module: C:/IADE/2021.3.22f1/Editor/Data/PlaybackEngines/WebGLSupport/UnityEditor.WebGL.Extensions.dll
Register platform support module: C:/IADE/2021.3.22f1/Editor/Data/PlaybackEngines/WindowsStandaloneSupport/UnityEditor.WindowsStandalone.Extensions.dll
Registered in 0.008679 seconds.
Native extension for WindowsStandalone target not found
Native extension for WebGL target not found
Refreshing native plugins compatible for Editor in 121.66 ms, found 5 plugins.
Preloading 0 native plugins for Editor in 0.00 ms.
Mono: successfully reloaded assembly
- Completed reload, in  1.488 seconds
Domain Reload Profiling:
	ReloadAssembly (1489ms)
		BeginReloadAssembly (140ms)
			ExecutionOrderSort (0ms)
			DisableScriptedObjects (0ms)
			BackupInstance (0ms)
			ReleaseScriptingObjects (0ms)
			CreateAndSetChildDomain (1ms)
		EndReloadAssembly (1008ms)
			LoadAssemblies (136ms)
			RebuildTransferFunctionScriptingTraits (0ms)
			SetupTypeCache (386ms)
			ReleaseScriptCaches (0ms)
			RebuildScriptCaches (57ms)
			SetupLoadedEditorAssemblies (476ms)
				LogAssemblyErrors (0ms)
				InitializePlatformSupportModulesInManaged (17ms)
				SetLoadedEditorAssemblies (0ms)
				RefreshPlugins (122ms)
				BeforeProcessingInitializeOnLoad (2ms)
				ProcessInitializeOnLoadAttributes (242ms)
				ProcessInitializeOnLoadMethodAttributes (92ms)
				AfterProcessingInitializeOnLoad (0ms)
				EditorAssembliesLoaded (1ms)
			ExecutionOrderSort2 (0ms)
			AwakeInstancesAfterBackupRestoration (0ms)
Platform modules already initialized, skipping
Registering precompiled user dll's ...
Registered in 0.012304 seconds.
Begin MonoManager ReloadAssembly
Symbol file LoadedFromMemory doesn't match image C:\Users\fabio\Documents\GitHub\Vandals\city\Library\PackageCache\com.unity.visualscripting@1.8.0\Editor\VisualScripting.Core\Dependencies\YamlDotNet\Unity.VisualScripting.YamlDotNet.dll
Symbol file LoadedFromMemory doesn't match image C:\Users\fabio\Documents\GitHub\Vandals\city\Library\PackageCache\com.unity.visualscripting@1.8.0\Editor\VisualScripting.Core\Dependencies\DotNetZip\Unity.VisualScripting.IonicZip.dll
Native extension for WindowsStandalone target not found
Native extension for WebGL target not found
Refreshing native plugins compatible for Editor in 0.79 ms, found 5 plugins.
Preloading 0 native plugins for Editor in 0.00 ms.
Mono: successfully reloaded assembly
- Completed reload, in  1.636 seconds
Domain Reload Profiling:
	ReloadAssembly (1637ms)
		BeginReloadAssembly (211ms)
			ExecutionOrderSort (0ms)
			DisableScriptedObjects (10ms)
			BackupInstance (0ms)
			ReleaseScriptingObjects (0ms)
			CreateAndSetChildDomain (24ms)
		EndReloadAssembly (1247ms)
			LoadAssemblies (176ms)
			RebuildTransferFunctionScriptingTraits (0ms)
			SetupTypeCache (489ms)
			ReleaseScriptCaches (1ms)
			RebuildScriptCaches (64ms)
			SetupLoadedEditorAssemblies (523ms)
				LogAssemblyErrors (0ms)
				InitializePlatformSupportModulesInManaged (8ms)
				SetLoadedEditorAssemblies (1ms)
				RefreshPlugins (1ms)
				BeforeProcessingInitializeOnLoad (129ms)
				ProcessInitializeOnLoadAttributes (345ms)
				ProcessInitializeOnLoadMethodAttributes (26ms)
				AfterProcessingInitializeOnLoad (12ms)
				EditorAssembliesLoaded (0ms)
			ExecutionOrderSort2 (0ms)
			AwakeInstancesAfterBackupRestoration (8ms)
Platform modules already initialized, skipping
========================================================================
Worker process is ready to serve import requests
Launched and connected shader compiler UnityShaderCompiler.exe after 0.15 seconds
Refreshing native plugins compatible for Editor in 1.19 ms, found 5 plugins.
Preloading 0 native plugins for Editor in 0.00 ms.
Unloading 3207 Unused Serialized files (Serialized files now loaded: 0)
Unloading 27 unused Assets / (114.8 KB). Loaded Objects now: 3669.
Memory consumption went from 116.4 MB to 116.3 MB.
Total: 5.696100 ms (FindLiveObjects: 0.530700 ms CreateObjectMapping: 0.181200 ms MarkObjects: 4.791500 ms  DeleteObjects: 0.190900 ms)

AssetImportParameters requested are different than current active one (requested -> active):
  custom:video-decoder-ogg-theora: a1e56fd34408186e4bbccfd4996cb3dc -> 
  custom:container-muxer-webm: aa71ff27fc2769a1b78a27578f13a17b -> 
  custom:container-demuxer-webm: 4f35f7cbe854078d1ac9338744f61a02 -> 
  custom:video-encoder-webm-vp8: eb34c28f22e8b96e1ab97ce403110664 -> 
  custom:audio-encoder-webm-vorbis: bf7c407c2cedff20999df2af8eb42d56 -> 
  custom:framework-win-MediaFoundation: 216162199b28c13a410421893ffa2e32 -> 
  custom:container-demuxer-ogg: 62fdf1f143b41e24485cea50d1cbac27 -> 
  custom:video-decoder-webm-vp8: 9c59270c3fd7afecdb556c50c9e8de78 -> 
  custom:audio-decoder-ogg-vorbis: bf7c407c2cedff20999df2af8eb42d56 -> 
========================================================================
Received Import Request.
  Time since last request: 1650.257147 seconds.
  path: Assets/UI/Tutorial 1.png
  artifactKey: Guid(1a632dd1fa5bd0649860e30397c0006b) Importer(815301076,1909f56bfc062723c751e8b465ee728b)
Start importing Assets/UI/Tutorial 1.png using Guid(1a632dd1fa5bd0649860e30397c0006b) Importer(815301076,1909f56bfc062723c751e8b465ee728b)  -> (artifact id: 'cc3e08baba8cf9087bf7fc6deebae146') in 0.387338 seconds 
========================================================================
Received Import Request.
  Time since last request: 0.000038 seconds.
  path: Assets/UI/Tutorial 3.png
  artifactKey: Guid(443ea660c6517df4386b5014a98fa9a7) Importer(815301076,1909f56bfc062723c751e8b465ee728b)
Start importing Assets/UI/Tutorial 3.png using Guid(443ea660c6517df4386b5014a98fa9a7) Importer(815301076,1909f56bfc062723c751e8b465ee728b)  -> (artifact id: '2de96a6330bd72c2719897e862110b58') in 0.230805 seconds 
========================================================================
Received Import Request.
  Time since last request: 40.209571 seconds.
  path: Assets/UI/Filter Date.png
  artifactKey: Guid(c3ffbf007923d57449d3467cb5aa36a2) Importer(815301076,1909f56bfc062723c751e8b465ee728b)
Start importing Assets/UI/Filter Date.png using Guid(c3ffbf007923d57449d3467cb5aa36a2) Importer(815301076,1909f56bfc062723c751e8b465ee728b)  -> (artifact id: 'd6bbc07701ef60b5ba88b76306f97f04') in 0.162467 seconds 
========================================================================
Received Import Request.
  Time since last request: 0.000065 seconds.
  path: Assets/UI/Logo 1.png
  artifactKey: Guid(165ba889d852ac245b0eaa10207ec398) Importer(815301076,1909f56bfc062723c751e8b465ee728b)
Start importing Assets/UI/Logo 1.png using Guid(165ba889d852ac245b0eaa10207ec398) Importer(815301076,1909f56bfc062723c751e8b465ee728b)  -> (artifact id: 'b359cd95ecf76410972fe58bf2df551f') in 0.018245 seconds 
========================================================================
Received Import Request.
  Time since last request: 0.000033 seconds.
  path: Assets/UI/Tutorial 5.png
  artifactKey: Guid(fde775bd9e382a54894bcd2f3bd5be34) Importer(815301076,1909f56bfc062723c751e8b465ee728b)
Start importing Assets/UI/Tutorial 5.png using Guid(fde775bd9e382a54894bcd2f3bd5be34) Importer(815301076,1909f56bfc062723c751e8b465ee728b)  -> (artifact id: '4f427eeac31a8e5916978318d9d8c221') in 0.016230 seconds 
========================================================================
Received Import Request.
  Time since last request: 0.000024 seconds.
  path: Assets/UI/Tutorial 7.png
  artifactKey: Guid(60b5358c87dce40448f2addc78c44b9c) Importer(815301076,1909f56bfc062723c751e8b465ee728b)
Start importing Assets/UI/Tutorial 7.png using Guid(60b5358c87dce40448f2addc78c44b9c) Importer(815301076,1909f56bfc062723c751e8b465ee728b)  -> (artifact id: '55a865244c1aee5e1f316291d1aaeafd') in 0.019170 seconds 
========================================================================
Received Import Request.
  Time since last request: 0.000034 seconds.
  path: Assets/UI/Tutorial 6.png
  artifactKey: Guid(c57db50519788e147a42581f607100cd) Importer(815301076,1909f56bfc062723c751e8b465ee728b)
Start importing Assets/UI/Tutorial 6.png using Guid(c57db50519788e147a42581f607100cd) Importer(815301076,1909f56bfc062723c751e8b465ee728b)  -> (artifact id: '1c1bdea836c186304f885441a7d569b2') in 0.017802 seconds 
========================================================================
Received Import Request.
  Time since last request: 31.829571 seconds.
  path: Assets/UI/UI Buttons 1/Artwork Unpressed.png
  artifactKey: Guid(7d2c8964facc7984890a4d3f7be4ced6) Importer(815301076,1909f56bfc062723c751e8b465ee728b)
Start importing Assets/UI/UI Buttons 1/Artwork Unpressed.png using Guid(7d2c8964facc7984890a4d3f7be4ced6) Importer(815301076,1909f56bfc062723c751e8b465ee728b)  -> (artifact id: 'bd1c3692eb73d9e131eb9924c0589ef5') in 0.048831 seconds 
========================================================================
Received Import Request.
  Time since last request: 0.000044 seconds.
  path: Assets/UI/UI Buttons 1/Start Button.png
  artifactKey: Guid(2feba3f73dd771141b1c58826a123f77) Importer(815301076,1909f56bfc062723c751e8b465ee728b)
Start importing Assets/UI/UI Buttons 1/Start Button.png using Guid(2feba3f73dd771141b1c58826a123f77) Importer(815301076,1909f56bfc062723c751e8b465ee728b)  -> (artifact id: '4f5f63f5caabc8b6420cb7a13ee8e13c') in 0.046687 seconds 
========================================================================
Received Import Request.
  Time since last request: 0.000053 seconds.
  path: Assets/UI/UI Buttons 1/Play Button Pressed.png
  artifactKey: Guid(91b8e1b86f8437a40a404c8b34012fae) Importer(815301076,1909f56bfc062723c751e8b465ee728b)
Start importing Assets/UI/UI Buttons 1/Play Button Pressed.png using Guid(91b8e1b86f8437a40a404c8b34012fae) Importer(815301076,1909f56bfc062723c751e8b465ee728b)  -> (artifact id: '5832f77f0a673e35e11d4438df12b059') in 0.040409 seconds 
========================================================================
Received Import Request.
  Time since last request: 0.000035 seconds.
  path: Assets/UI/UI Buttons 1/Skip Unpressed Button.png
  artifactKey: Guid(6f48777b19102bd46bda0b7c030ac179) Importer(815301076,1909f56bfc062723c751e8b465ee728b)
Start importing Assets/UI/UI Buttons 1/Skip Unpressed Button.png using Guid(6f48777b19102bd46bda0b7c030ac179) Importer(815301076,1909f56bfc062723c751e8b465ee728b)  -> (artifact id: 'e0e364f049b65078ab53de1adee026d5') in 0.038616 seconds 
========================================================================
Received Import Request.
  Time since last request: 0.000047 seconds.
  path: Assets/UI/UI Buttons 1/Continue Button Pressed.png
  artifactKey: Guid(965f725aff0f9d448aa6765f15041b54) Importer(815301076,1909f56bfc062723c751e8b465ee728b)
Start importing Assets/UI/UI Buttons 1/Continue Button Pressed.png using Guid(965f725aff0f9d448aa6765f15041b54) Importer(815301076,1909f56bfc062723c751e8b465ee728b)  -> (artifact id: 'a49b6204d1f4b8a5f9aba939a0ecb983') in 0.035905 seconds 
========================================================================
Received Import Request.
  Time since last request: 0.000088 seconds.
  path: Assets/UI/UI Buttons 1/Skip Pressed Button.png
  artifactKey: Guid(243b52e1dbcf0d44c84cd973ac7caf76) Importer(815301076,1909f56bfc062723c751e8b465ee728b)
Start importing Assets/UI/UI Buttons 1/Skip Pressed Button.png using Guid(243b52e1dbcf0d44c84cd973ac7caf76) Importer(815301076,1909f56bfc062723c751e8b465ee728b)  -> (artifact id: '8f81fbd5f2a3ea6b87145f909a343d29') in 0.036056 seconds 
========================================================================
Received Import Request.
  Time since last request: 0.000044 seconds.
  path: Assets/UI/UI Buttons 1/From Pressed.png
  artifactKey: Guid(84fc84f0f37f81245a105b2d7be266ce) Importer(815301076,1909f56bfc062723c751e8b465ee728b)
Start importing Assets/UI/UI Buttons 1/From Pressed.png using Guid(84fc84f0f37f81245a105b2d7be266ce) Importer(815301076,1909f56bfc062723c751e8b465ee728b)  -> (artifact id: 'ac46ac42a7cf14535399f69887d35de1') in 0.042681 seconds 
Editor requested this worker to shutdown with reason: Scaling down because of idle timeout
AssetImportWorker is now disconnected from the server
Process exiting
Exiting without the bug reporter. Application will terminate with return code 0