Using pre-set license
Built from '2021.3/staging' branch; Version is '2021.3.22f1 (b6c551784ba3) revision 11978065'; Using compiler version '192829333'; Build Type 'Release'
OS: 'Windows 11  (10.0.22621) 64bit Core' Language: 'en' Physical Memory: 15711 MB
BatchMode: 1, IsHumanControllingUs: 0, StartBugReporterOnCrash: 0, Is64bit: 1, IsPro: 1

COMMAND LINE ARGUMENTS:
C:\IADE\2021.3.22f1\Editor\Unity.exe
-adb2
-batchMode
-noUpm
-name
AssetImportWorker0
-projectPath
C:/Users/fabio/Documents/GitHub/Vandals/city
-logFile
Logs/AssetImportWorker0.log
-srvPort
51178
Successfully changed project path to: C:/Users/fabio/Documents/GitHub/Vandals/city
C:/Users/fabio/Documents/GitHub/Vandals/city
[UnityMemory] Configuration Parameters - Can be set up in boot.config
    "memorysetup-bucket-allocator-granularity=16"
    "memorysetup-bucket-allocator-bucket-count=8"
    "memorysetup-bucket-allocator-block-size=33554432"
    "memorysetup-bucket-allocator-block-count=8"
    "memorysetup-main-allocator-block-size=16777216"
    "memorysetup-thread-allocator-block-size=16777216"
    "memorysetup-gfx-main-allocator-block-size=16777216"
    "memorysetup-gfx-thread-allocator-block-size=16777216"
    "memorysetup-cache-allocator-block-size=4194304"
    "memorysetup-typetree-allocator-block-size=2097152"
    "memorysetup-profiler-bucket-allocator-granularity=16"
    "memorysetup-profiler-bucket-allocator-bucket-count=8"
    "memorysetup-profiler-bucket-allocator-block-size=33554432"
    "memorysetup-profiler-bucket-allocator-block-count=8"
    "memorysetup-profiler-allocator-block-size=16777216"
    "memorysetup-profiler-editor-allocator-block-size=1048576"
    "memorysetup-temp-allocator-size-main=16777216"
    "memorysetup-job-temp-allocator-block-size=2097152"
    "memorysetup-job-temp-allocator-block-size-background=1048576"
    "memorysetup-job-temp-allocator-reduction-small-platforms=262144"
    "memorysetup-temp-allocator-size-background-worker=32768"
    "memorysetup-temp-allocator-size-job-worker=262144"
    "memorysetup-temp-allocator-size-preload-manager=33554432"
    "memorysetup-temp-allocator-size-nav-mesh-worker=65536"
    "memorysetup-temp-allocator-size-audio-worker=65536"
    "memorysetup-temp-allocator-size-cloud-worker=32768"
    "memorysetup-temp-allocator-size-gi-baking-worker=262144"
    "memorysetup-temp-allocator-size-gfx=262144"
Player connection [540] Host "[IP] 192.168.1.94 [Port] 0 [Flags] 2 [Guid] 195559394 [EditorId] 195559394 [Version] 1048832 [Id] WindowsEditor(7,Fab_Laptop) [Debug] 1 [PackageName] WindowsEditor [ProjectName] Editor" joined multi-casting on [225.0.0.222:54997]...

Player connection [540] Host "[IP] 192.168.1.94 [Port] 0 [Flags] 2 [Guid] 195559394 [EditorId] 195559394 [Version] 1048832 [Id] WindowsEditor(7,Fab_Laptop) [Debug] 1 [PackageName] WindowsEditor [ProjectName] Editor" joined alternative multi-casting on [225.0.0.222:34997]...

Refreshing native plugins compatible for Editor in 106.79 ms, found 5 plugins.
Preloading 0 native plugins for Editor in 0.00 ms.
Initialize engine version: 2021.3.22f1 (b6c551784ba3)
[Subsystems] Discovering subsystems at path C:/IADE/2021.3.22f1/Editor/Data/Resources/UnitySubsystems
[Subsystems] Discovering subsystems at path C:/Users/fabio/Documents/GitHub/Vandals/city/Assets
GfxDevice: creating device client; threaded=0; jobified=0
Direct3D:
    Version:  Direct3D 11.0 [level 11.1]
    Renderer: NVIDIA GeForce RTX 3050 Laptop GPU (ID=0x25a2)
    Vendor:   NVIDIA
    VRAM:     3991 MB
    Driver:   30.0.15.1278
Initialize mono
Mono path[0] = 'C:/IADE/2021.3.22f1/Editor/Data/Managed'
Mono path[1] = 'C:/IADE/2021.3.22f1/Editor/Data/MonoBleedingEdge/lib/mono/unityjit-win32'
Mono config path = 'C:/IADE/2021.3.22f1/Editor/Data/MonoBleedingEdge/etc'
Using monoOptions --debugger-agent=transport=dt_socket,embedding=1,server=y,suspend=n,address=127.0.0.1:56224
Begin MonoManager ReloadAssembly
Registering precompiled unity dll's ...
Register platform support module: C:/IADE/2021.3.22f1/Editor/Data/PlaybackEngines/WebGLSupport/UnityEditor.WebGL.Extensions.dll
Register platform support module: C:/IADE/2021.3.22f1/Editor/Data/PlaybackEngines/WindowsStandaloneSupport/UnityEditor.WindowsStandalone.Extensions.dll
Registered in 0.006718 seconds.
Native extension for WindowsStandalone target not found
Native extension for WebGL target not found
Refreshing native plugins compatible for Editor in 89.43 ms, found 5 plugins.
Preloading 0 native plugins for Editor in 0.00 ms.
Mono: successfully reloaded assembly
- Completed reload, in  0.906 seconds
Domain Reload Profiling:
	ReloadAssembly (907ms)
		BeginReloadAssembly (131ms)
			ExecutionOrderSort (0ms)
			DisableScriptedObjects (0ms)
			BackupInstance (0ms)
			ReleaseScriptingObjects (0ms)
			CreateAndSetChildDomain (1ms)
		EndReloadAssembly (655ms)
			LoadAssemblies (129ms)
			RebuildTransferFunctionScriptingTraits (0ms)
			SetupTypeCache (152ms)
			ReleaseScriptCaches (0ms)
			RebuildScriptCaches (62ms)
			SetupLoadedEditorAssemblies (313ms)
				LogAssemblyErrors (0ms)
				InitializePlatformSupportModulesInManaged (12ms)
				SetLoadedEditorAssemblies (1ms)
				RefreshPlugins (90ms)
				BeforeProcessingInitializeOnLoad (1ms)
				ProcessInitializeOnLoadAttributes (160ms)
				ProcessInitializeOnLoadMethodAttributes (50ms)
				AfterProcessingInitializeOnLoad (0ms)
				EditorAssembliesLoaded (0ms)
			ExecutionOrderSort2 (0ms)
			AwakeInstancesAfterBackupRestoration (0ms)
Platform modules already initialized, skipping
Registering precompiled user dll's ...
Registered in 0.011405 seconds.
Begin MonoManager ReloadAssembly
Symbol file data-0000020DC5D2C050 doesn't match image C:\Users\fabio\Documents\GitHub\Vandals\city\Library\ScriptAssemblies\Assembly-CSharp.dll
Symbol file LoadedFromMemory is not a mono symbol file
Symbol file LoadedFromMemory doesn't match image C:\Users\fabio\Documents\GitHub\Vandals\city\Library\PackageCache\com.unity.visualscripting@1.8.0\Editor\VisualScripting.Core\Dependencies\YamlDotNet\Unity.VisualScripting.YamlDotNet.dll
Symbol file LoadedFromMemory doesn't match image C:\Users\fabio\Documents\GitHub\Vandals\city\Library\PackageCache\com.unity.visualscripting@1.8.0\Editor\VisualScripting.Core\Dependencies\DotNetZip\Unity.VisualScripting.IonicZip.dll
Native extension for WindowsStandalone target not found
Native extension for WebGL target not found
Refreshing native plugins compatible for Editor in 0.65 ms, found 5 plugins.
Preloading 0 native plugins for Editor in 0.00 ms.
Mono: successfully reloaded assembly
- Completed reload, in  1.142 seconds
Domain Reload Profiling:
	ReloadAssembly (1143ms)
		BeginReloadAssembly (137ms)
			ExecutionOrderSort (0ms)
			DisableScriptedObjects (6ms)
			BackupInstance (0ms)
			ReleaseScriptingObjects (0ms)
			CreateAndSetChildDomain (23ms)
		EndReloadAssembly (885ms)
			LoadAssemblies (104ms)
			RebuildTransferFunctionScriptingTraits (0ms)
			SetupTypeCache (295ms)
			ReleaseScriptCaches (1ms)
			RebuildScriptCaches (52ms)
			SetupLoadedEditorAssemblies (398ms)
				LogAssemblyErrors (0ms)
				InitializePlatformSupportModulesInManaged (8ms)
				SetLoadedEditorAssemblies (0ms)
				RefreshPlugins (1ms)
				BeforeProcessingInitializeOnLoad (93ms)
				ProcessInitializeOnLoadAttributes (269ms)
				ProcessInitializeOnLoadMethodAttributes (19ms)
				AfterProcessingInitializeOnLoad (8ms)
				EditorAssembliesLoaded (0ms)
			ExecutionOrderSort2 (0ms)
			AwakeInstancesAfterBackupRestoration (6ms)
Platform modules already initialized, skipping
========================================================================
Worker process is ready to serve import requests
Launched and connected shader compiler UnityShaderCompiler.exe after 0.05 seconds
Refreshing native plugins compatible for Editor in 0.65 ms, found 5 plugins.
Preloading 0 native plugins for Editor in 0.00 ms.
Unloading 3206 Unused Serialized files (Serialized files now loaded: 0)
Unloading 27 unused Assets / (113.9 KB). Loaded Objects now: 3664.
Memory consumption went from 114.6 MB to 114.5 MB.
Total: 3.489500 ms (FindLiveObjects: 0.515000 ms CreateObjectMapping: 0.145800 ms MarkObjects: 2.702800 ms  DeleteObjects: 0.124900 ms)

AssetImportParameters requested are different than current active one (requested -> active):
  custom:video-decoder-ogg-theora: a1e56fd34408186e4bbccfd4996cb3dc -> 
  custom:container-muxer-webm: aa71ff27fc2769a1b78a27578f13a17b -> 
  custom:container-demuxer-webm: 4f35f7cbe854078d1ac9338744f61a02 -> 
  custom:video-encoder-webm-vp8: eb34c28f22e8b96e1ab97ce403110664 -> 
  custom:audio-encoder-webm-vorbis: bf7c407c2cedff20999df2af8eb42d56 -> 
  custom:framework-win-MediaFoundation: 216162199b28c13a410421893ffa2e32 -> 
  custom:container-demuxer-ogg: 62fdf1f143b41e24485cea50d1cbac27 -> 
  custom:video-decoder-webm-vp8: 9c59270c3fd7afecdb556c50c9e8de78 -> 
  custom:audio-decoder-ogg-vorbis: bf7c407c2cedff20999df2af8eb42d56 -> 
========================================================================
Received Import Request.
  Time since last request: 1590517.221592 seconds.
  path: Assets/3D Models
  artifactKey: Guid(1dbd61aa889fc5b4c8762442902ffb4e) Importer(815301076,1909f56bfc062723c751e8b465ee728b)
Start importing Assets/3D Models using Guid(1dbd61aa889fc5b4c8762442902ffb4e) Importer(815301076,1909f56bfc062723c751e8b465ee728b)  -> (artifact id: 'fef01e03476999a0d7bc12300fe1bba2') in 0.016697 seconds 
========================================================================
Received Prepare
Registering precompiled user dll's ...
Registered in 0.010515 seconds.
Begin MonoManager ReloadAssembly
Symbol file data-0000020DCA14E830 doesn't match image C:\Users\fabio\Documents\GitHub\Vandals\city\Library\ScriptAssemblies\Assembly-CSharp.dll
Symbol file LoadedFromMemory is not a mono symbol file
Symbol file LoadedFromMemory doesn't match image C:\Users\fabio\Documents\GitHub\Vandals\city\Library\PackageCache\com.unity.visualscripting@1.8.0\Editor\VisualScripting.Core\Dependencies\YamlDotNet\Unity.VisualScripting.YamlDotNet.dll
Symbol file LoadedFromMemory doesn't match image C:\Users\fabio\Documents\GitHub\Vandals\city\Library\PackageCache\com.unity.visualscripting@1.8.0\Editor\VisualScripting.Core\Dependencies\DotNetZip\Unity.VisualScripting.IonicZip.dll
Native extension for WindowsStandalone target not found
Native extension for WebGL target not found
Refreshing native plugins compatible for Editor in 0.91 ms, found 5 plugins.
Preloading 0 native plugins for Editor in 0.00 ms.
Mono: successfully reloaded assembly
- Completed reload, in  1.671 seconds
Domain Reload Profiling:
	ReloadAssembly (1672ms)
		BeginReloadAssembly (238ms)
			ExecutionOrderSort (0ms)
			DisableScriptedObjects (8ms)
			BackupInstance (0ms)
			ReleaseScriptingObjects (0ms)
			CreateAndSetChildDomain (55ms)
		EndReloadAssembly (1266ms)
			LoadAssemblies (157ms)
			RebuildTransferFunctionScriptingTraits (0ms)
			SetupTypeCache (426ms)
			ReleaseScriptCaches (2ms)
			RebuildScriptCaches (68ms)
			SetupLoadedEditorAssemblies (558ms)
				LogAssemblyErrors (0ms)
				InitializePlatformSupportModulesInManaged (12ms)
				SetLoadedEditorAssemblies (1ms)
				RefreshPlugins (1ms)
				BeforeProcessingInitializeOnLoad (124ms)
				ProcessInitializeOnLoadAttributes (372ms)
				ProcessInitializeOnLoadMethodAttributes (33ms)
				AfterProcessingInitializeOnLoad (15ms)
				EditorAssembliesLoaded (0ms)
			ExecutionOrderSort2 (0ms)
			AwakeInstancesAfterBackupRestoration (12ms)
Platform modules already initialized, skipping
Refreshing native plugins compatible for Editor in 4.86 ms, found 5 plugins.
Preloading 0 native plugins for Editor in 0.00 ms.
Unloading 3181 Unused Serialized files (Serialized files now loaded: 0)
Unloading 20 unused Assets / (80.4 KB). Loaded Objects now: 3667.
Memory consumption went from 112.4 MB to 112.3 MB.
Total: 4.672400 ms (FindLiveObjects: 0.402800 ms CreateObjectMapping: 0.120500 ms MarkObjects: 4.019100 ms  DeleteObjects: 0.127900 ms)

AssetImportParameters requested are different than current active one (requested -> active):
  custom:video-decoder-ogg-theora: a1e56fd34408186e4bbccfd4996cb3dc -> 
  custom:container-muxer-webm: aa71ff27fc2769a1b78a27578f13a17b -> 
  custom:container-demuxer-webm: 4f35f7cbe854078d1ac9338744f61a02 -> 
  custom:video-encoder-webm-vp8: eb34c28f22e8b96e1ab97ce403110664 -> 
  custom:audio-encoder-webm-vorbis: bf7c407c2cedff20999df2af8eb42d56 -> 
  custom:framework-win-MediaFoundation: 216162199b28c13a410421893ffa2e32 -> 
  custom:container-demuxer-ogg: 62fdf1f143b41e24485cea50d1cbac27 -> 
  custom:video-decoder-webm-vp8: 9c59270c3fd7afecdb556c50c9e8de78 -> 
  custom:audio-decoder-ogg-vorbis: bf7c407c2cedff20999df2af8eb42d56 -> 
========================================================================
Received Prepare
Registering precompiled user dll's ...
Registered in 0.013404 seconds.
Begin MonoManager ReloadAssembly
Symbol file data-0000020DC7A23040 doesn't match image C:\Users\fabio\Documents\GitHub\Vandals\city\Library\ScriptAssemblies\Assembly-CSharp.dll
Symbol file LoadedFromMemory is not a mono symbol file
Symbol file LoadedFromMemory doesn't match image C:\Users\fabio\Documents\GitHub\Vandals\city\Library\PackageCache\com.unity.visualscripting@1.8.0\Editor\VisualScripting.Core\Dependencies\YamlDotNet\Unity.VisualScripting.YamlDotNet.dll
Symbol file LoadedFromMemory doesn't match image C:\Users\fabio\Documents\GitHub\Vandals\city\Library\PackageCache\com.unity.visualscripting@1.8.0\Editor\VisualScripting.Core\Dependencies\DotNetZip\Unity.VisualScripting.IonicZip.dll
Native extension for WindowsStandalone target not found
Native extension for WebGL target not found
Refreshing native plugins compatible for Editor in 1.19 ms, found 5 plugins.
Preloading 0 native plugins for Editor in 0.00 ms.
Mono: successfully reloaded assembly
- Completed reload, in  1.582 seconds
Domain Reload Profiling:
	ReloadAssembly (1583ms)
		BeginReloadAssembly (214ms)
			ExecutionOrderSort (0ms)
			DisableScriptedObjects (13ms)
			BackupInstance (0ms)
			ReleaseScriptingObjects (0ms)
			CreateAndSetChildDomain (46ms)
		EndReloadAssembly (1241ms)
			LoadAssemblies (142ms)
			RebuildTransferFunctionScriptingTraits (0ms)
			SetupTypeCache (418ms)
			ReleaseScriptCaches (2ms)
			RebuildScriptCaches (70ms)
			SetupLoadedEditorAssemblies (541ms)
				LogAssemblyErrors (0ms)
				InitializePlatformSupportModulesInManaged (14ms)
				SetLoadedEditorAssemblies (1ms)
				RefreshPlugins (1ms)
				BeforeProcessingInitializeOnLoad (117ms)
				ProcessInitializeOnLoadAttributes (363ms)
				ProcessInitializeOnLoadMethodAttributes (28ms)
				AfterProcessingInitializeOnLoad (16ms)
				EditorAssembliesLoaded (0ms)
			ExecutionOrderSort2 (0ms)
			AwakeInstancesAfterBackupRestoration (11ms)
Platform modules already initialized, skipping
Refreshing native plugins compatible for Editor in 4.99 ms, found 5 plugins.
Preloading 0 native plugins for Editor in 0.00 ms.
Unloading 3181 Unused Serialized files (Serialized files now loaded: 0)
Unloading 20 unused Assets / (80.4 KB). Loaded Objects now: 3670.
Memory consumption went from 112.4 MB to 112.4 MB.
Total: 5.226300 ms (FindLiveObjects: 0.308600 ms CreateObjectMapping: 0.138300 ms MarkObjects: 4.604700 ms  DeleteObjects: 0.172500 ms)

AssetImportParameters requested are different than current active one (requested -> active):
  custom:video-decoder-ogg-theora: a1e56fd34408186e4bbccfd4996cb3dc -> 
  custom:container-muxer-webm: aa71ff27fc2769a1b78a27578f13a17b -> 
  custom:container-demuxer-webm: 4f35f7cbe854078d1ac9338744f61a02 -> 
  custom:video-encoder-webm-vp8: eb34c28f22e8b96e1ab97ce403110664 -> 
  custom:audio-encoder-webm-vorbis: bf7c407c2cedff20999df2af8eb42d56 -> 
  custom:framework-win-MediaFoundation: 216162199b28c13a410421893ffa2e32 -> 
  custom:container-demuxer-ogg: 62fdf1f143b41e24485cea50d1cbac27 -> 
  custom:video-decoder-webm-vp8: 9c59270c3fd7afecdb556c50c9e8de78 -> 
  custom:audio-decoder-ogg-vorbis: bf7c407c2cedff20999df2af8eb42d56 -> 
========================================================================
Received Prepare
Registering precompiled user dll's ...
Registered in 0.016579 seconds.
Begin MonoManager ReloadAssembly
Symbol file data-0000020DC78EB020 doesn't match image C:\Users\fabio\Documents\GitHub\Vandals\city\Library\ScriptAssemblies\Assembly-CSharp.dll
Symbol file LoadedFromMemory is not a mono symbol file
Symbol file LoadedFromMemory doesn't match image C:\Users\fabio\Documents\GitHub\Vandals\city\Library\PackageCache\com.unity.visualscripting@1.8.0\Editor\VisualScripting.Core\Dependencies\YamlDotNet\Unity.VisualScripting.YamlDotNet.dll
Symbol file LoadedFromMemory doesn't match image C:\Users\fabio\Documents\GitHub\Vandals\city\Library\PackageCache\com.unity.visualscripting@1.8.0\Editor\VisualScripting.Core\Dependencies\DotNetZip\Unity.VisualScripting.IonicZip.dll
Native extension for WindowsStandalone target not found
Native extension for WebGL target not found
Refreshing native plugins compatible for Editor in 1.10 ms, found 5 plugins.
Preloading 0 native plugins for Editor in 0.00 ms.
Mono: successfully reloaded assembly
- Completed reload, in  1.605 seconds
Domain Reload Profiling:
	ReloadAssembly (1606ms)
		BeginReloadAssembly (216ms)
			ExecutionOrderSort (0ms)
			DisableScriptedObjects (11ms)
			BackupInstance (0ms)
			ReleaseScriptingObjects (0ms)
			CreateAndSetChildDomain (46ms)
		EndReloadAssembly (1222ms)
			LoadAssemblies (145ms)
			RebuildTransferFunctionScriptingTraits (0ms)
			SetupTypeCache (395ms)
			ReleaseScriptCaches (2ms)
			RebuildScriptCaches (74ms)
			SetupLoadedEditorAssemblies (539ms)
				LogAssemblyErrors (0ms)
				InitializePlatformSupportModulesInManaged (12ms)
				SetLoadedEditorAssemblies (1ms)
				RefreshPlugins (1ms)
				BeforeProcessingInitializeOnLoad (120ms)
				ProcessInitializeOnLoadAttributes (360ms)
				ProcessInitializeOnLoadMethodAttributes (32ms)
				AfterProcessingInitializeOnLoad (12ms)
				EditorAssembliesLoaded (0ms)
			ExecutionOrderSort2 (0ms)
			AwakeInstancesAfterBackupRestoration (12ms)
Platform modules already initialized, skipping
Refreshing native plugins compatible for Editor in 6.28 ms, found 5 plugins.
Preloading 0 native plugins for Editor in 0.00 ms.
Unloading 3181 Unused Serialized files (Serialized files now loaded: 0)
Unloading 20 unused Assets / (80.4 KB). Loaded Objects now: 3673.
Memory consumption went from 112.4 MB to 112.4 MB.
Total: 3.880500 ms (FindLiveObjects: 0.317900 ms CreateObjectMapping: 0.124500 ms MarkObjects: 3.317100 ms  DeleteObjects: 0.119800 ms)

AssetImportParameters requested are different than current active one (requested -> active):
  custom:video-decoder-ogg-theora: a1e56fd34408186e4bbccfd4996cb3dc -> 
  custom:container-muxer-webm: aa71ff27fc2769a1b78a27578f13a17b -> 
  custom:container-demuxer-webm: 4f35f7cbe854078d1ac9338744f61a02 -> 
  custom:video-encoder-webm-vp8: eb34c28f22e8b96e1ab97ce403110664 -> 
  custom:audio-encoder-webm-vorbis: bf7c407c2cedff20999df2af8eb42d56 -> 
  custom:framework-win-MediaFoundation: 216162199b28c13a410421893ffa2e32 -> 
  custom:container-demuxer-ogg: 62fdf1f143b41e24485cea50d1cbac27 -> 
  custom:video-decoder-webm-vp8: 9c59270c3fd7afecdb556c50c9e8de78 -> 
  custom:audio-decoder-ogg-vorbis: bf7c407c2cedff20999df2af8eb42d56 -> 
========================================================================
Received Import Request.
  Time since last request: 998.778888 seconds.
  path: Assets/BrokenVector
  artifactKey: Guid(e961fa353f593e149800cbfdeb3aa6f3) Importer(815301076,1909f56bfc062723c751e8b465ee728b)
Start importing Assets/BrokenVector using Guid(e961fa353f593e149800cbfdeb3aa6f3) Importer(815301076,1909f56bfc062723c751e8b465ee728b)  -> (artifact id: '796349f43bd191dd90bda6488dff3c71') in 0.029038 seconds 
========================================================================
Received Import Request.
  Time since last request: 1.137301 seconds.
  path: Assets/BrokenVector/LowPolyCarPack
  artifactKey: Guid(15b82ebb48dbb4745b6ea62a09f21c5a) Importer(815301076,1909f56bfc062723c751e8b465ee728b)
Start importing Assets/BrokenVector/LowPolyCarPack using Guid(15b82ebb48dbb4745b6ea62a09f21c5a) Importer(815301076,1909f56bfc062723c751e8b465ee728b)  -> (artifact id: '9664330a8d9002003b0f70d15d2b09fb') in 0.016707 seconds 
========================================================================
Received Import Request.
  Time since last request: 1.294025 seconds.
  path: Assets/BrokenVector/LowPolyCarPack/Prefabs
  artifactKey: Guid(aa3ed4ddba8b2fc45b01c975db0155f9) Importer(815301076,1909f56bfc062723c751e8b465ee728b)
Start importing Assets/BrokenVector/LowPolyCarPack/Prefabs using Guid(aa3ed4ddba8b2fc45b01c975db0155f9) Importer(815301076,1909f56bfc062723c751e8b465ee728b)  -> (artifact id: '977eb6f548dd330ecacea0938a70d4ae') in 0.015830 seconds 
========================================================================
Received Import Request.
  Time since last request: 0.080078 seconds.
  path: Assets/BrokenVector/LowPolyCarPack/Prefabs/Bus_Blue.prefab
  artifactKey: Guid(88c9792d12fc0574d93568b531a1917c) Importer(815301076,1909f56bfc062723c751e8b465ee728b)
Start importing Assets/BrokenVector/LowPolyCarPack/Prefabs/Bus_Blue.prefab using Guid(88c9792d12fc0574d93568b531a1917c) Importer(815301076,1909f56bfc062723c751e8b465ee728b)  -> (artifact id: '61340b1b442f1d4b8783992ee60b9aaa') in 0.192385 seconds 
========================================================================
Received Import Request.
  Time since last request: 0.000055 seconds.
  path: Assets/BrokenVector/LowPolyCarPack/Prefabs/Truck_1_Green.prefab
  artifactKey: Guid(4c1181499180eff409a0809517ff1937) Importer(815301076,1909f56bfc062723c751e8b465ee728b)
Start importing Assets/BrokenVector/LowPolyCarPack/Prefabs/Truck_1_Green.prefab using Guid(4c1181499180eff409a0809517ff1937) Importer(815301076,1909f56bfc062723c751e8b465ee728b)  -> (artifact id: '7c5d6f7fcd72adca06459e3de7b23240') in 0.023817 seconds 
========================================================================
Received Import Request.
  Time since last request: 0.000098 seconds.
  path: Assets/BrokenVector/LowPolyCarPack/Prefabs/Truck_1_Red.prefab
  artifactKey: Guid(d5f4cc9cf65b2b8499d4720a3d9d8046) Importer(815301076,1909f56bfc062723c751e8b465ee728b)
Start importing Assets/BrokenVector/LowPolyCarPack/Prefabs/Truck_1_Red.prefab using Guid(d5f4cc9cf65b2b8499d4720a3d9d8046) Importer(815301076,1909f56bfc062723c751e8b465ee728b)  -> (artifact id: '3969ed3ca277606c8cf879551dcbe008') in 0.024767 seconds 
========================================================================
Received Import Request.
  Time since last request: 0.000039 seconds.
  path: Assets/BrokenVector/LowPolyCarPack/Prefabs/Car_1_Purple.prefab
  artifactKey: Guid(8e633bea1c2f0644fb922e9bbe329648) Importer(815301076,1909f56bfc062723c751e8b465ee728b)
Start importing Assets/BrokenVector/LowPolyCarPack/Prefabs/Car_1_Purple.prefab using Guid(8e633bea1c2f0644fb922e9bbe329648) Importer(815301076,1909f56bfc062723c751e8b465ee728b)  -> (artifact id: '64609b012608f57bb50cce76feb9bf9f') in 0.019450 seconds 
========================================================================
Received Import Request.
  Time since last request: 0.000025 seconds.
  path: Assets/BrokenVector/LowPolyCarPack/Prefabs/Car_4_Silver.prefab
  artifactKey: Guid(9f14ffa559e6d214db9b0ec960921311) Importer(815301076,1909f56bfc062723c751e8b465ee728b)
Start importing Assets/BrokenVector/LowPolyCarPack/Prefabs/Car_4_Silver.prefab using Guid(9f14ffa559e6d214db9b0ec960921311) Importer(815301076,1909f56bfc062723c751e8b465ee728b)  -> (artifact id: '5404d6be26e37c049e32205eede1d5cf') in 0.017573 seconds 
========================================================================
Received Import Request.
  Time since last request: 0.000025 seconds.
  path: Assets/BrokenVector/LowPolyCarPack/Prefabs/Car_2_Blue.prefab
  artifactKey: Guid(f7cb15c5a7c4bdd498370bd90d1d77bd) Importer(815301076,1909f56bfc062723c751e8b465ee728b)
Start importing Assets/BrokenVector/LowPolyCarPack/Prefabs/Car_2_Blue.prefab using Guid(f7cb15c5a7c4bdd498370bd90d1d77bd) Importer(815301076,1909f56bfc062723c751e8b465ee728b)  -> (artifact id: 'b6cbfd7828d15a92ba0e5e4a2bcb3622') in 0.018485 seconds 
========================================================================
Received Import Request.
  Time since last request: 0.000022 seconds.
  path: Assets/BrokenVector/LowPolyCarPack/Prefabs/Truck_1_Silver.prefab
  artifactKey: Guid(6a85d95f92dc8954082a8474282c9dca) Importer(815301076,1909f56bfc062723c751e8b465ee728b)
Start importing Assets/BrokenVector/LowPolyCarPack/Prefabs/Truck_1_Silver.prefab using Guid(6a85d95f92dc8954082a8474282c9dca) Importer(815301076,1909f56bfc062723c751e8b465ee728b)  -> (artifact id: '383970b55b2186dbf32c05fccd5df37c') in 0.016682 seconds 
========================================================================
Received Import Request.
  Time since last request: 0.000054 seconds.
  path: Assets/BrokenVector/LowPolyCarPack/Prefabs/Car_4_Yellow.prefab
  artifactKey: Guid(36d4f55f4428f5e44a642bf379f22c58) Importer(815301076,1909f56bfc062723c751e8b465ee728b)
Start importing Assets/BrokenVector/LowPolyCarPack/Prefabs/Car_4_Yellow.prefab using Guid(36d4f55f4428f5e44a642bf379f22c58) Importer(815301076,1909f56bfc062723c751e8b465ee728b)  -> (artifact id: '4d37239ead99c48ac9aed6551d08b12c') in 0.018598 seconds 
========================================================================
Received Import Request.
  Time since last request: 0.000027 seconds.
  path: Assets/BrokenVector/LowPolyCarPack/Prefabs/Car_1_Yellow.prefab
  artifactKey: Guid(3bbfd36332111ca4583206b5397b1018) Importer(815301076,1909f56bfc062723c751e8b465ee728b)
Start importing Assets/BrokenVector/LowPolyCarPack/Prefabs/Car_1_Yellow.prefab using Guid(3bbfd36332111ca4583206b5397b1018) Importer(815301076,1909f56bfc062723c751e8b465ee728b)  -> (artifact id: '240f31c2eafed6ef19015f567a4687c7') in 0.017439 seconds 
========================================================================
Received Import Request.
  Time since last request: 0.000023 seconds.
  path: Assets/BrokenVector/LowPolyCarPack/Prefabs/Car_1_Red.prefab
  artifactKey: Guid(7ee69ef87f85ae447998d4abab175cf9) Importer(815301076,1909f56bfc062723c751e8b465ee728b)
Start importing Assets/BrokenVector/LowPolyCarPack/Prefabs/Car_1_Red.prefab using Guid(7ee69ef87f85ae447998d4abab175cf9) Importer(815301076,1909f56bfc062723c751e8b465ee728b)  -> (artifact id: '00dede13de57af082e54b80d0dc37d04') in 0.020357 seconds 
========================================================================
Received Import Request.
  Time since last request: 0.000034 seconds.
  path: Assets/BrokenVector/LowPolyCarPack/Prefabs/Car_3_Purple.prefab
  artifactKey: Guid(8f0fb4627eb4aed4f9ac1c0ec62fb2ff) Importer(815301076,1909f56bfc062723c751e8b465ee728b)
Start importing Assets/BrokenVector/LowPolyCarPack/Prefabs/Car_3_Purple.prefab using Guid(8f0fb4627eb4aed4f9ac1c0ec62fb2ff) Importer(815301076,1909f56bfc062723c751e8b465ee728b)  -> (artifact id: '017143bb92fb8c340539d9c527db5f09') in 0.018346 seconds 
========================================================================
Received Import Request.
  Time since last request: 0.000041 seconds.
  path: Assets/BrokenVector/LowPolyCarPack/Prefabs/Car_2_Green.prefab
  artifactKey: Guid(4d4a5328e032911409d8d973eee79df4) Importer(815301076,1909f56bfc062723c751e8b465ee728b)
Start importing Assets/BrokenVector/LowPolyCarPack/Prefabs/Car_2_Green.prefab using Guid(4d4a5328e032911409d8d973eee79df4) Importer(815301076,1909f56bfc062723c751e8b465ee728b)  -> (artifact id: '7935636e774bb53df0a9bb80d41af48f') in 0.016114 seconds 
========================================================================
Received Import Request.
  Time since last request: 0.000027 seconds.
  path: Assets/BrokenVector/LowPolyCarPack/Prefabs/Car_3_Yellow.prefab
  artifactKey: Guid(610632f6f09812d4aa5ce111a109eb86) Importer(815301076,1909f56bfc062723c751e8b465ee728b)
Start importing Assets/BrokenVector/LowPolyCarPack/Prefabs/Car_3_Yellow.prefab using Guid(610632f6f09812d4aa5ce111a109eb86) Importer(815301076,1909f56bfc062723c751e8b465ee728b)  -> (artifact id: '595708ad745b2603700ce448091ab9b5') in 0.018019 seconds 
========================================================================
Received Import Request.
  Time since last request: 0.000029 seconds.
  path: Assets/BrokenVector/LowPolyCarPack/Prefabs/Car_4_Red.prefab
  artifactKey: Guid(6a76d3dcd348f084685cb525458806e1) Importer(815301076,1909f56bfc062723c751e8b465ee728b)
Start importing Assets/BrokenVector/LowPolyCarPack/Prefabs/Car_4_Red.prefab using Guid(6a76d3dcd348f084685cb525458806e1) Importer(815301076,1909f56bfc062723c751e8b465ee728b)  -> (artifact id: 'b3fcce26015dae3803335f44d6663925') in 0.015022 seconds 
========================================================================
Received Import Request.
  Time since last request: 0.000022 seconds.
  path: Assets/BrokenVector/LowPolyCarPack/Prefabs/Car_6_Yellow.prefab
  artifactKey: Guid(cd5a615f62153e041b89bd8f466af5ab) Importer(815301076,1909f56bfc062723c751e8b465ee728b)
Start importing Assets/BrokenVector/LowPolyCarPack/Prefabs/Car_6_Yellow.prefab using Guid(cd5a615f62153e041b89bd8f466af5ab) Importer(815301076,1909f56bfc062723c751e8b465ee728b)  -> (artifact id: '252d7dbcb5fb9ade01faa770047f3ac3') in 0.015363 seconds 
========================================================================
Received Import Request.
  Time since last request: 0.000023 seconds.
  path: Assets/BrokenVector/LowPolyCarPack/Prefabs/Car_6_Silver.prefab
  artifactKey: Guid(89aba3f23076d03448c61b5cebf2ac8e) Importer(815301076,1909f56bfc062723c751e8b465ee728b)
Start importing Assets/BrokenVector/LowPolyCarPack/Prefabs/Car_6_Silver.prefab using Guid(89aba3f23076d03448c61b5cebf2ac8e) Importer(815301076,1909f56bfc062723c751e8b465ee728b)  -> (artifact id: '8c306ef6278b9b70bca26fed4a610747') in 0.013719 seconds 
========================================================================
Received Import Request.
  Time since last request: 0.000022 seconds.
  path: Assets/BrokenVector/LowPolyCarPack/Prefabs/Car_1_Blue.prefab
  artifactKey: Guid(bd428ed7f76466742916f85241c6bf17) Importer(815301076,1909f56bfc062723c751e8b465ee728b)
Start importing Assets/BrokenVector/LowPolyCarPack/Prefabs/Car_1_Blue.prefab using Guid(bd428ed7f76466742916f85241c6bf17) Importer(815301076,1909f56bfc062723c751e8b465ee728b)  -> (artifact id: '45dbd501b72c2481472b2f57e345ced5') in 0.016695 seconds 
========================================================================
Received Import Request.
  Time since last request: 0.000031 seconds.
  path: Assets/BrokenVector/LowPolyCarPack/Prefabs/Car_3_Silver.prefab
  artifactKey: Guid(0ef070b9729d6c640b16bfa755c95ec4) Importer(815301076,1909f56bfc062723c751e8b465ee728b)
Start importing Assets/BrokenVector/LowPolyCarPack/Prefabs/Car_3_Silver.prefab using Guid(0ef070b9729d6c640b16bfa755c95ec4) Importer(815301076,1909f56bfc062723c751e8b465ee728b)  -> (artifact id: '25ad890459624ed607d1e0027ee78e71') in 0.018991 seconds 
========================================================================
Received Import Request.
  Time since last request: 0.000022 seconds.
  path: Assets/BrokenVector/LowPolyCarPack/Prefabs/Car_5_Yellow.prefab
  artifactKey: Guid(f07b089f2dede914a900c8e34e599f38) Importer(815301076,1909f56bfc062723c751e8b465ee728b)
Start importing Assets/BrokenVector/LowPolyCarPack/Prefabs/Car_5_Yellow.prefab using Guid(f07b089f2dede914a900c8e34e599f38) Importer(815301076,1909f56bfc062723c751e8b465ee728b)  -> (artifact id: 'e63f7ca0a8b0347fa32889b000fb3b12') in 0.022880 seconds 
========================================================================
Received Import Request.
  Time since last request: 0.000037 seconds.
  path: Assets/BrokenVector/LowPolyCarPack/Prefabs/Truck_1_Blue.prefab
  artifactKey: Guid(2acf3729bc7663740a4b13c7b0129ad5) Importer(815301076,1909f56bfc062723c751e8b465ee728b)
Start importing Assets/BrokenVector/LowPolyCarPack/Prefabs/Truck_1_Blue.prefab using Guid(2acf3729bc7663740a4b13c7b0129ad5) Importer(815301076,1909f56bfc062723c751e8b465ee728b)  -> (artifact id: '46dc90d0e8721862744abfacfa2353c1') in 0.019138 seconds 
========================================================================
Received Import Request.
  Time since last request: 0.000030 seconds.
  path: Assets/BrokenVector/LowPolyCarPack/Prefabs/Car_4_Blue.prefab
  artifactKey: Guid(6adbac25fbbce1941addef907602c539) Importer(815301076,1909f56bfc062723c751e8b465ee728b)
Start importing Assets/BrokenVector/LowPolyCarPack/Prefabs/Car_4_Blue.prefab using Guid(6adbac25fbbce1941addef907602c539) Importer(815301076,1909f56bfc062723c751e8b465ee728b)  -> (artifact id: 'cc97969520fb50e37cfbd170356d6dc4') in 0.015680 seconds 
========================================================================
Received Import Request.
  Time since last request: 0.000031 seconds.
  path: Assets/BrokenVector/LowPolyCarPack/Prefabs/Bus_Red.prefab
  artifactKey: Guid(2f4fc890c388cf84dbafc03669619d42) Importer(815301076,1909f56bfc062723c751e8b465ee728b)
Start importing Assets/BrokenVector/LowPolyCarPack/Prefabs/Bus_Red.prefab using Guid(2f4fc890c388cf84dbafc03669619d42) Importer(815301076,1909f56bfc062723c751e8b465ee728b)  -> (artifact id: '5ce69a300988da069ae56cc4313db51e') in 0.015173 seconds 
========================================================================
Received Import Request.
  Time since last request: 0.000026 seconds.
  path: Assets/BrokenVector/LowPolyCarPack/Prefabs/Car_2_Red.prefab
  artifactKey: Guid(8e6432cafa5803946a9c3011999db1f7) Importer(815301076,1909f56bfc062723c751e8b465ee728b)
Start importing Assets/BrokenVector/LowPolyCarPack/Prefabs/Car_2_Red.prefab using Guid(8e6432cafa5803946a9c3011999db1f7) Importer(815301076,1909f56bfc062723c751e8b465ee728b)  -> (artifact id: '7d2f078e1605367e70d30ece27e83e3a') in 0.018061 seconds 
========================================================================
Received Import Request.
  Time since last request: 0.000021 seconds.
  path: Assets/BrokenVector/LowPolyCarPack/Prefabs/Bus_Silver.prefab
  artifactKey: Guid(74b8b40c5d3c66c408d145d8c7c51c8b) Importer(815301076,1909f56bfc062723c751e8b465ee728b)
Start importing Assets/BrokenVector/LowPolyCarPack/Prefabs/Bus_Silver.prefab using Guid(74b8b40c5d3c66c408d145d8c7c51c8b) Importer(815301076,1909f56bfc062723c751e8b465ee728b)  -> (artifact id: '9ff66d601e97e72d974419194991ed49') in 0.015768 seconds 
========================================================================
Received Import Request.
  Time since last request: 20.206881 seconds.
  path: Assets/BrokenVector/LowPolyShaders
  artifactKey: Guid(ac0a9484cf97e024aaf3db7b1ec62b24) Importer(815301076,1909f56bfc062723c751e8b465ee728b)
Start importing Assets/BrokenVector/LowPolyShaders using Guid(ac0a9484cf97e024aaf3db7b1ec62b24) Importer(815301076,1909f56bfc062723c751e8b465ee728b)  -> (artifact id: '36be21fc4981ebed5d6cf43f325239ad') in 0.009801 seconds 
Editor requested this worker to shutdown with reason: Scaling down because of idle timeout
AssetImportWorker is now disconnected from the server
Process exiting
Exiting without the bug reporter. Application will terminate with return code 0