Using pre-set license
Built from '2021.3/staging' branch; Version is '2021.3.22f1 (b6c551784ba3) revision 11978065'; Using compiler version '192829333'; Build Type 'Release'
OS: 'Windows 11  (10.0.22621) 64bit Core' Language: 'en' Physical Memory: 15711 MB
BatchMode: 1, IsHumanControllingUs: 0, StartBugReporterOnCrash: 0, Is64bit: 1, IsPro: 1

COMMAND LINE ARGUMENTS:
C:\IADE\2021.3.22f1\Editor\Unity.exe
-adb2
-batchMode
-noUpm
-name
AssetImportWorker3
-projectPath
C:/Users/fabio/Documents/GitHub/Vandals/city
-logFile
Logs/AssetImportWorker3.log
-srvPort
51358
Successfully changed project path to: C:/Users/fabio/Documents/GitHub/Vandals/city
C:/Users/fabio/Documents/GitHub/Vandals/city
[UnityMemory] Configuration Parameters - Can be set up in boot.config
    "memorysetup-bucket-allocator-granularity=16"
    "memorysetup-bucket-allocator-bucket-count=8"
    "memorysetup-bucket-allocator-block-size=33554432"
    "memorysetup-bucket-allocator-block-count=8"
    "memorysetup-main-allocator-block-size=16777216"
    "memorysetup-thread-allocator-block-size=16777216"
    "memorysetup-gfx-main-allocator-block-size=16777216"
    "memorysetup-gfx-thread-allocator-block-size=16777216"
    "memorysetup-cache-allocator-block-size=4194304"
    "memorysetup-typetree-allocator-block-size=2097152"
    "memorysetup-profiler-bucket-allocator-granularity=16"
    "memorysetup-profiler-bucket-allocator-bucket-count=8"
    "memorysetup-profiler-bucket-allocator-block-size=33554432"
    "memorysetup-profiler-bucket-allocator-block-count=8"
    "memorysetup-profiler-allocator-block-size=16777216"
    "memorysetup-profiler-editor-allocator-block-size=1048576"
    "memorysetup-temp-allocator-size-main=16777216"
    "memorysetup-job-temp-allocator-block-size=2097152"
    "memorysetup-job-temp-allocator-block-size-background=1048576"
    "memorysetup-job-temp-allocator-reduction-small-platforms=262144"
    "memorysetup-temp-allocator-size-background-worker=32768"
    "memorysetup-temp-allocator-size-job-worker=262144"
    "memorysetup-temp-allocator-size-preload-manager=33554432"
    "memorysetup-temp-allocator-size-nav-mesh-worker=65536"
    "memorysetup-temp-allocator-size-audio-worker=65536"
    "memorysetup-temp-allocator-size-cloud-worker=32768"
    "memorysetup-temp-allocator-size-gi-baking-worker=262144"
    "memorysetup-temp-allocator-size-gfx=262144"
Player connection [9360] Host "[IP] 192.168.1.87 [Port] 0 [Flags] 2 [Guid] 790251882 [EditorId] 790251882 [Version] 1048832 [Id] WindowsEditor(7,Fab_Laptop) [Debug] 1 [PackageName] WindowsEditor [ProjectName] Editor" joined multi-casting on [225.0.0.222:54997]...

Player connection [9360] Host "[IP] 192.168.1.87 [Port] 0 [Flags] 2 [Guid] 790251882 [EditorId] 790251882 [Version] 1048832 [Id] WindowsEditor(7,Fab_Laptop) [Debug] 1 [PackageName] WindowsEditor [ProjectName] Editor" joined alternative multi-casting on [225.0.0.222:34997]...

Refreshing native plugins compatible for Editor in 226.10 ms, found 5 plugins.
Preloading 0 native plugins for Editor in 0.00 ms.
Initialize engine version: 2021.3.22f1 (b6c551784ba3)
[Subsystems] Discovering subsystems at path C:/IADE/2021.3.22f1/Editor/Data/Resources/UnitySubsystems
[Subsystems] Discovering subsystems at path C:/Users/fabio/Documents/GitHub/Vandals/city/Assets
GfxDevice: creating device client; threaded=0; jobified=0
Direct3D:
    Version:  Direct3D 11.0 [level 11.1]
    Renderer: NVIDIA GeForce RTX 3050 Laptop GPU (ID=0x25a2)
    Vendor:   NVIDIA
    VRAM:     3991 MB
    Driver:   30.0.15.1278
Initialize mono
Mono path[0] = 'C:/IADE/2021.3.22f1/Editor/Data/Managed'
Mono path[1] = 'C:/IADE/2021.3.22f1/Editor/Data/MonoBleedingEdge/lib/mono/unityjit-win32'
Mono config path = 'C:/IADE/2021.3.22f1/Editor/Data/MonoBleedingEdge/etc'
Using monoOptions --debugger-agent=transport=dt_socket,embedding=1,server=y,suspend=n,address=127.0.0.1:56900
Begin MonoManager ReloadAssembly
Registering precompiled unity dll's ...
Register platform support module: C:/IADE/2021.3.22f1/Editor/Data/PlaybackEngines/WebGLSupport/UnityEditor.WebGL.Extensions.dll
Register platform support module: C:/IADE/2021.3.22f1/Editor/Data/PlaybackEngines/WindowsStandaloneSupport/UnityEditor.WindowsStandalone.Extensions.dll
Registered in 0.318321 seconds.
Native extension for WindowsStandalone target not found
Native extension for WebGL target not found
Refreshing native plugins compatible for Editor in 112.66 ms, found 5 plugins.
Preloading 0 native plugins for Editor in 0.00 ms.
Mono: successfully reloaded assembly
- Completed reload, in  9.107 seconds
Domain Reload Profiling:
	ReloadAssembly (9108ms)
		BeginReloadAssembly (6528ms)
			ExecutionOrderSort (0ms)
			DisableScriptedObjects (0ms)
			BackupInstance (0ms)
			ReleaseScriptingObjects (0ms)
			CreateAndSetChildDomain (1ms)
		EndReloadAssembly (1703ms)
			LoadAssemblies (6536ms)
			RebuildTransferFunctionScriptingTraits (0ms)
			SetupTypeCache (1197ms)
			ReleaseScriptCaches (0ms)
			RebuildScriptCaches (38ms)
			SetupLoadedEditorAssemblies (382ms)
				LogAssemblyErrors (0ms)
				InitializePlatformSupportModulesInManaged (13ms)
				SetLoadedEditorAssemblies (1ms)
				RefreshPlugins (113ms)
				BeforeProcessingInitializeOnLoad (2ms)
				ProcessInitializeOnLoadAttributes (194ms)
				ProcessInitializeOnLoadMethodAttributes (60ms)
				AfterProcessingInitializeOnLoad (0ms)
				EditorAssembliesLoaded (0ms)
			ExecutionOrderSort2 (0ms)
			AwakeInstancesAfterBackupRestoration (0ms)
Platform modules already initialized, skipping
Registering precompiled user dll's ...
Registered in 0.008736 seconds.
Begin MonoManager ReloadAssembly
Symbol file LoadedFromMemory doesn't match image C:\Users\fabio\Documents\GitHub\Vandals\city\Library\PackageCache\com.unity.visualscripting@1.8.0\Editor\VisualScripting.Core\Dependencies\YamlDotNet\Unity.VisualScripting.YamlDotNet.dll
Symbol file LoadedFromMemory doesn't match image C:\Users\fabio\Documents\GitHub\Vandals\city\Library\PackageCache\com.unity.visualscripting@1.8.0\Editor\VisualScripting.Core\Dependencies\DotNetZip\Unity.VisualScripting.IonicZip.dll
Native extension for WindowsStandalone target not found
Native extension for WebGL target not found
Refreshing native plugins compatible for Editor in 0.70 ms, found 5 plugins.
Preloading 0 native plugins for Editor in 0.00 ms.
Mono: successfully reloaded assembly
- Completed reload, in  1.855 seconds
Domain Reload Profiling:
	ReloadAssembly (1855ms)
		BeginReloadAssembly (126ms)
			ExecutionOrderSort (0ms)
			DisableScriptedObjects (6ms)
			BackupInstance (0ms)
			ReleaseScriptingObjects (0ms)
			CreateAndSetChildDomain (23ms)
		EndReloadAssembly (1558ms)
			LoadAssemblies (242ms)
			RebuildTransferFunctionScriptingTraits (0ms)
			SetupTypeCache (829ms)
			ReleaseScriptCaches (1ms)
			RebuildScriptCaches (48ms)
			SetupLoadedEditorAssemblies (410ms)
				LogAssemblyErrors (0ms)
				InitializePlatformSupportModulesInManaged (7ms)
				SetLoadedEditorAssemblies (0ms)
				RefreshPlugins (1ms)
				BeforeProcessingInitializeOnLoad (93ms)
				ProcessInitializeOnLoadAttributes (282ms)
				ProcessInitializeOnLoadMethodAttributes (18ms)
				AfterProcessingInitializeOnLoad (9ms)
				EditorAssembliesLoaded (0ms)
			ExecutionOrderSort2 (0ms)
			AwakeInstancesAfterBackupRestoration (6ms)
Platform modules already initialized, skipping
========================================================================
Worker process is ready to serve import requests
Launched and connected shader compiler UnityShaderCompiler.exe after 0.06 seconds
Refreshing native plugins compatible for Editor in 0.75 ms, found 5 plugins.
Preloading 0 native plugins for Editor in 0.00 ms.
Unloading 3207 Unused Serialized files (Serialized files now loaded: 0)
Unloading 27 unused Assets / (114.7 KB). Loaded Objects now: 3669.
Memory consumption went from 116.0 MB to 115.9 MB.
Total: 3.933700 ms (FindLiveObjects: 0.238400 ms CreateObjectMapping: 0.102000 ms MarkObjects: 3.429900 ms  DeleteObjects: 0.162500 ms)

AssetImportParameters requested are different than current active one (requested -> active):
  custom:video-decoder-ogg-theora: a1e56fd34408186e4bbccfd4996cb3dc -> 
  custom:container-muxer-webm: aa71ff27fc2769a1b78a27578f13a17b -> 
  custom:container-demuxer-webm: 4f35f7cbe854078d1ac9338744f61a02 -> 
  custom:video-encoder-webm-vp8: eb34c28f22e8b96e1ab97ce403110664 -> 
  custom:audio-encoder-webm-vorbis: bf7c407c2cedff20999df2af8eb42d56 -> 
  custom:framework-win-MediaFoundation: 216162199b28c13a410421893ffa2e32 -> 
  custom:container-demuxer-ogg: 62fdf1f143b41e24485cea50d1cbac27 -> 
  custom:video-decoder-webm-vp8: 9c59270c3fd7afecdb556c50c9e8de78 -> 
  custom:audio-decoder-ogg-vorbis: bf7c407c2cedff20999df2af8eb42d56 -> 
========================================================================
Received Prepare
Registering precompiled user dll's ...
Registered in 0.010108 seconds.
Begin MonoManager ReloadAssembly
Symbol file LoadedFromMemory doesn't match image C:\Users\fabio\Documents\GitHub\Vandals\city\Library\PackageCache\com.unity.visualscripting@1.8.0\Editor\VisualScripting.Core\Dependencies\YamlDotNet\Unity.VisualScripting.YamlDotNet.dll
Symbol file LoadedFromMemory doesn't match image C:\Users\fabio\Documents\GitHub\Vandals\city\Library\PackageCache\com.unity.visualscripting@1.8.0\Editor\VisualScripting.Core\Dependencies\DotNetZip\Unity.VisualScripting.IonicZip.dll
Native extension for WindowsStandalone target not found
Native extension for WebGL target not found
Refreshing native plugins compatible for Editor in 0.89 ms, found 5 plugins.
Preloading 0 native plugins for Editor in 0.00 ms.
Mono: successfully reloaded assembly
- Completed reload, in  1.703 seconds
Domain Reload Profiling:
	ReloadAssembly (1704ms)
		BeginReloadAssembly (246ms)
			ExecutionOrderSort (0ms)
			DisableScriptedObjects (7ms)
			BackupInstance (0ms)
			ReleaseScriptingObjects (0ms)
			CreateAndSetChildDomain (52ms)
		EndReloadAssembly (1299ms)
			LoadAssemblies (170ms)
			RebuildTransferFunctionScriptingTraits (0ms)
			SetupTypeCache (478ms)
			ReleaseScriptCaches (2ms)
			RebuildScriptCaches (73ms)
			SetupLoadedEditorAssemblies (540ms)
				LogAssemblyErrors (0ms)
				InitializePlatformSupportModulesInManaged (12ms)
				SetLoadedEditorAssemblies (1ms)
				RefreshPlugins (1ms)
				BeforeProcessingInitializeOnLoad (117ms)
				ProcessInitializeOnLoadAttributes (362ms)
				ProcessInitializeOnLoadMethodAttributes (33ms)
				AfterProcessingInitializeOnLoad (14ms)
				EditorAssembliesLoaded (0ms)
			ExecutionOrderSort2 (0ms)
			AwakeInstancesAfterBackupRestoration (11ms)
Platform modules already initialized, skipping
Refreshing native plugins compatible for Editor in 5.45 ms, found 5 plugins.
Preloading 0 native plugins for Editor in 0.00 ms.
Unloading 3180 Unused Serialized files (Serialized files now loaded: 0)
Unloading 20 unused Assets / (81.8 KB). Loaded Objects now: 3672.
Memory consumption went from 113.6 MB to 113.6 MB.
Total: 3.873000 ms (FindLiveObjects: 0.292000 ms CreateObjectMapping: 0.113600 ms MarkObjects: 3.310100 ms  DeleteObjects: 0.154600 ms)

AssetImportParameters requested are different than current active one (requested -> active):
  custom:video-decoder-ogg-theora: a1e56fd34408186e4bbccfd4996cb3dc -> 
  custom:container-muxer-webm: aa71ff27fc2769a1b78a27578f13a17b -> 
  custom:container-demuxer-webm: 4f35f7cbe854078d1ac9338744f61a02 -> 
  custom:video-encoder-webm-vp8: eb34c28f22e8b96e1ab97ce403110664 -> 
  custom:audio-encoder-webm-vorbis: bf7c407c2cedff20999df2af8eb42d56 -> 
  custom:framework-win-MediaFoundation: 216162199b28c13a410421893ffa2e32 -> 
  custom:container-demuxer-ogg: 62fdf1f143b41e24485cea50d1cbac27 -> 
  custom:video-decoder-webm-vp8: 9c59270c3fd7afecdb556c50c9e8de78 -> 
  custom:audio-decoder-ogg-vorbis: bf7c407c2cedff20999df2af8eb42d56 -> 
========================================================================
Received Import Request.
  Time since last request: 261957.355952 seconds.
  path: Assets/3D Models/BrokenVector/LowPolyCarPack/Prefabs/Bus_Green.prefab
  artifactKey: Guid(6eb3226238a68784ab8cefb3822af05c) Importer(815301076,1909f56bfc062723c751e8b465ee728b)
Start importing Assets/3D Models/BrokenVector/LowPolyCarPack/Prefabs/Bus_Green.prefab using Guid(6eb3226238a68784ab8cefb3822af05c) Importer(815301076,1909f56bfc062723c751e8b465ee728b)  -> (artifact id: '5d2960dad08e0b84a7edf7a681c625e9') in 0.321163 seconds 
========================================================================
Received Import Request.
  Time since last request: 0.000042 seconds.
  path: Assets/3D Models/BrokenVector/LowPolyCarPack/Prefabs/Car_3_Yellow.prefab
  artifactKey: Guid(610632f6f09812d4aa5ce111a109eb86) Importer(815301076,1909f56bfc062723c751e8b465ee728b)
Start importing Assets/3D Models/BrokenVector/LowPolyCarPack/Prefabs/Car_3_Yellow.prefab using Guid(610632f6f09812d4aa5ce111a109eb86) Importer(815301076,1909f56bfc062723c751e8b465ee728b)  -> (artifact id: '7f8ee1830a5590cb6f37957d6df39f63') in 0.060248 seconds 
========================================================================
Received Import Request.
  Time since last request: 0.000065 seconds.
  path: Assets/3D Models/BrokenVector/LowPolyCarPack/Prefabs/Car_6_Red.prefab
  artifactKey: Guid(19c00265a4f7b43489bdceefa77c2092) Importer(815301076,1909f56bfc062723c751e8b465ee728b)
Start importing Assets/3D Models/BrokenVector/LowPolyCarPack/Prefabs/Car_6_Red.prefab using Guid(19c00265a4f7b43489bdceefa77c2092) Importer(815301076,1909f56bfc062723c751e8b465ee728b)  -> (artifact id: 'bdb2fba9d6b4919b501bde2fefa9a3dc') in 0.040565 seconds 
========================================================================
Received Import Request.
  Time since last request: 0.000033 seconds.
  path: Assets/3D Models/BrokenVector/LowPolyCarPack/Prefabs/Policecar.prefab
  artifactKey: Guid(1bc3a967e1e743b41b30f111c58ba985) Importer(815301076,1909f56bfc062723c751e8b465ee728b)
Start importing Assets/3D Models/BrokenVector/LowPolyCarPack/Prefabs/Policecar.prefab using Guid(1bc3a967e1e743b41b30f111c58ba985) Importer(815301076,1909f56bfc062723c751e8b465ee728b)  -> (artifact id: 'f270be19e56103a7400ed89993f903cd') in 0.038851 seconds 
========================================================================
Received Import Request.
  Time since last request: 0.000037 seconds.
  path: Assets/3D Models/BrokenVector/LowPolyCarPack/Prefabs/Car_3_Green.prefab
  artifactKey: Guid(c0b5a1ab38a43044a91864eb9b9fbede) Importer(815301076,1909f56bfc062723c751e8b465ee728b)
Start importing Assets/3D Models/BrokenVector/LowPolyCarPack/Prefabs/Car_3_Green.prefab using Guid(c0b5a1ab38a43044a91864eb9b9fbede) Importer(815301076,1909f56bfc062723c751e8b465ee728b)  -> (artifact id: '30c509bf99507d5cfc218f8cf2ffdff2') in 0.034612 seconds 
========================================================================
Received Import Request.
  Time since last request: 0.000067 seconds.
  path: Assets/3D Models/BrokenVector/LowPolyCarPack/Prefabs/Car_1_Purple.prefab
  artifactKey: Guid(8e633bea1c2f0644fb922e9bbe329648) Importer(815301076,1909f56bfc062723c751e8b465ee728b)
Start importing Assets/3D Models/BrokenVector/LowPolyCarPack/Prefabs/Car_1_Purple.prefab using Guid(8e633bea1c2f0644fb922e9bbe329648) Importer(815301076,1909f56bfc062723c751e8b465ee728b)  -> (artifact id: '067aa4d463d4754e33a46d073e35cf2e') in 0.048188 seconds 
========================================================================
Received Import Request.
  Time since last request: 0.000072 seconds.
  path: Assets/3D Models/BrokenVector/LowPolyCarPack/Prefabs/Truck_2_Green.prefab
  artifactKey: Guid(e39d5c824186a1a489d4f0109343173e) Importer(815301076,1909f56bfc062723c751e8b465ee728b)
Start importing Assets/3D Models/BrokenVector/LowPolyCarPack/Prefabs/Truck_2_Green.prefab using Guid(e39d5c824186a1a489d4f0109343173e) Importer(815301076,1909f56bfc062723c751e8b465ee728b)  -> (artifact id: '2df65d7cd2ddbd076fda0e95a48f439f') in 0.060309 seconds 
========================================================================
Received Import Request.
  Time since last request: 0.000051 seconds.
  path: Assets/3D Models/BrokenVector/LowPolyCarPack/Prefabs/Car_2_Blue.prefab
  artifactKey: Guid(f7cb15c5a7c4bdd498370bd90d1d77bd) Importer(815301076,1909f56bfc062723c751e8b465ee728b)
Start importing Assets/3D Models/BrokenVector/LowPolyCarPack/Prefabs/Car_2_Blue.prefab using Guid(f7cb15c5a7c4bdd498370bd90d1d77bd) Importer(815301076,1909f56bfc062723c751e8b465ee728b)  -> (artifact id: 'd7433db60b3c72e8500d86f2c90729a8') in 0.042040 seconds 
========================================================================
Received Import Request.
  Time since last request: 0.000044 seconds.
  path: Assets/3D Models/BrokenVector/LowPolyCarPack/Prefabs/Car_3_Red.prefab
  artifactKey: Guid(7179d797d92b9594482ec3e813202c51) Importer(815301076,1909f56bfc062723c751e8b465ee728b)
Start importing Assets/3D Models/BrokenVector/LowPolyCarPack/Prefabs/Car_3_Red.prefab using Guid(7179d797d92b9594482ec3e813202c51) Importer(815301076,1909f56bfc062723c751e8b465ee728b)  -> (artifact id: '6aae8714801cc48d5afad412f2b4b426') in 0.038053 seconds 
========================================================================
Received Import Request.
  Time since last request: 0.000021 seconds.
  path: Assets/3D Models/BrokenVector/LowPolyCarPack/Prefabs/Car_1_Silver.prefab
  artifactKey: Guid(eebeaf026736b6546909968c8b4080b2) Importer(815301076,1909f56bfc062723c751e8b465ee728b)
Start importing Assets/3D Models/BrokenVector/LowPolyCarPack/Prefabs/Car_1_Silver.prefab using Guid(eebeaf026736b6546909968c8b4080b2) Importer(815301076,1909f56bfc062723c751e8b465ee728b)  -> (artifact id: 'a6c3b7dd34579e4a7ab3ee799ede2d91') in 0.032931 seconds 
========================================================================
Received Import Request.
  Time since last request: 0.000030 seconds.
  path: Assets/3D Models/BrokenVector/LowPolyCarPack/Prefabs/Car_1_Yellow.prefab
  artifactKey: Guid(3bbfd36332111ca4583206b5397b1018) Importer(815301076,1909f56bfc062723c751e8b465ee728b)
Start importing Assets/3D Models/BrokenVector/LowPolyCarPack/Prefabs/Car_1_Yellow.prefab using Guid(3bbfd36332111ca4583206b5397b1018) Importer(815301076,1909f56bfc062723c751e8b465ee728b)  -> (artifact id: '10d309e5b6ace116da569ae4b78f3f8c') in 0.029129 seconds 
========================================================================
Received Import Request.
  Time since last request: 0.000029 seconds.
  path: Assets/3D Models/BrokenVector/LowPolyCarPack/Prefabs/Car_6_Blue.prefab
  artifactKey: Guid(c69b567067453614686658c6390e4d95) Importer(815301076,1909f56bfc062723c751e8b465ee728b)
Start importing Assets/3D Models/BrokenVector/LowPolyCarPack/Prefabs/Car_6_Blue.prefab using Guid(c69b567067453614686658c6390e4d95) Importer(815301076,1909f56bfc062723c751e8b465ee728b)  -> (artifact id: '553b45ae58379de0878c56d61477dd9e') in 0.036959 seconds 
========================================================================
Received Import Request.
  Time since last request: 0.000032 seconds.
  path: Assets/3D Models/BrokenVector/LowPolyCarPack/Prefabs/Truck_2_Purple.prefab
  artifactKey: Guid(5971c6ba437546948a4b83194e7ddb2a) Importer(815301076,1909f56bfc062723c751e8b465ee728b)
Start importing Assets/3D Models/BrokenVector/LowPolyCarPack/Prefabs/Truck_2_Purple.prefab using Guid(5971c6ba437546948a4b83194e7ddb2a) Importer(815301076,1909f56bfc062723c751e8b465ee728b)  -> (artifact id: '6bd1ef06bbebd89a686e4b473ca30b5e') in 0.035857 seconds 
========================================================================
Received Import Request.
  Time since last request: 0.000054 seconds.
  path: Assets/3D Models/BrokenVector/LowPolyCarPack/Prefabs/Car_3_Purple.prefab
  artifactKey: Guid(8f0fb4627eb4aed4f9ac1c0ec62fb2ff) Importer(815301076,1909f56bfc062723c751e8b465ee728b)
Start importing Assets/3D Models/BrokenVector/LowPolyCarPack/Prefabs/Car_3_Purple.prefab using Guid(8f0fb4627eb4aed4f9ac1c0ec62fb2ff) Importer(815301076,1909f56bfc062723c751e8b465ee728b)  -> (artifact id: '1fde079be269db9b39c377daf0a64f45') in 0.032339 seconds 
========================================================================
Received Import Request.
  Time since last request: 0.000039 seconds.
  path: Assets/3D Models/BrokenVector/LowPolyCarPack/Prefabs/Car_2_Silver.prefab
  artifactKey: Guid(812e3f763be51a143bb1d937f48c31f2) Importer(815301076,1909f56bfc062723c751e8b465ee728b)
Start importing Assets/3D Models/BrokenVector/LowPolyCarPack/Prefabs/Car_2_Silver.prefab using Guid(812e3f763be51a143bb1d937f48c31f2) Importer(815301076,1909f56bfc062723c751e8b465ee728b)  -> (artifact id: '9f48dd0ec4c5caa6900ef36d862e1db2') in 0.038923 seconds 
========================================================================
Received Import Request.
  Time since last request: 0.000029 seconds.
  path: Assets/3D Models/BrokenVector/LowPolyCarPack/Prefabs/Truck_2_Red.prefab
  artifactKey: Guid(effd6c573175d114bacfddf1faa1d4a7) Importer(815301076,1909f56bfc062723c751e8b465ee728b)
Start importing Assets/3D Models/BrokenVector/LowPolyCarPack/Prefabs/Truck_2_Red.prefab using Guid(effd6c573175d114bacfddf1faa1d4a7) Importer(815301076,1909f56bfc062723c751e8b465ee728b)  -> (artifact id: '174e1ec64a71ebb0be7b2721a38c072d') in 0.031765 seconds 
========================================================================
Received Import Request.
  Time since last request: 0.000035 seconds.
  path: Assets/3D Models/BrokenVector/LowPolyCarPack/Prefabs/Car_6_Silver.prefab
  artifactKey: Guid(89aba3f23076d03448c61b5cebf2ac8e) Importer(815301076,1909f56bfc062723c751e8b465ee728b)
Start importing Assets/3D Models/BrokenVector/LowPolyCarPack/Prefabs/Car_6_Silver.prefab using Guid(89aba3f23076d03448c61b5cebf2ac8e) Importer(815301076,1909f56bfc062723c751e8b465ee728b)  -> (artifact id: '91232da97113fa864ad72ca942daeec2') in 0.032774 seconds 
========================================================================
Received Import Request.
  Time since last request: 0.000056 seconds.
  path: Assets/3D Models/BrokenVector/LowPolyCarPack/Prefabs/Car_1_Blue.prefab
  artifactKey: Guid(bd428ed7f76466742916f85241c6bf17) Importer(815301076,1909f56bfc062723c751e8b465ee728b)
Start importing Assets/3D Models/BrokenVector/LowPolyCarPack/Prefabs/Car_1_Blue.prefab using Guid(bd428ed7f76466742916f85241c6bf17) Importer(815301076,1909f56bfc062723c751e8b465ee728b)  -> (artifact id: '5fd52ffb5c42f2fab5f1ab7b0a8de8f9') in 0.038675 seconds 
========================================================================
Received Import Request.
  Time since last request: 0.000048 seconds.
  path: Assets/3D Models/BrokenVector/LowPolyCarPack/Prefabs/Car_2_Yellow.prefab
  artifactKey: Guid(1f4a686b41be99449a540690ab7a6785) Importer(815301076,1909f56bfc062723c751e8b465ee728b)
Start importing Assets/3D Models/BrokenVector/LowPolyCarPack/Prefabs/Car_2_Yellow.prefab using Guid(1f4a686b41be99449a540690ab7a6785) Importer(815301076,1909f56bfc062723c751e8b465ee728b)  -> (artifact id: 'c08f78b90dede79802a7f7e341452e68') in 0.029977 seconds 
========================================================================
Received Import Request.
  Time since last request: 0.000030 seconds.
  path: Assets/3D Models/BrokenVector/LowPolyCarPack/Prefabs/Car_5_Purple.prefab
  artifactKey: Guid(eee6dff50f7483b44a4ea8b631baf73e) Importer(815301076,1909f56bfc062723c751e8b465ee728b)
Start importing Assets/3D Models/BrokenVector/LowPolyCarPack/Prefabs/Car_5_Purple.prefab using Guid(eee6dff50f7483b44a4ea8b631baf73e) Importer(815301076,1909f56bfc062723c751e8b465ee728b)  -> (artifact id: 'b734aad294adc9de20c8c1c457450bda') in 0.027930 seconds 
========================================================================
Received Import Request.
  Time since last request: 0.000036 seconds.
  path: Assets/3D Models/BrokenVector/LowPolyCarPack/Prefabs/Car_5_Yellow.prefab
  artifactKey: Guid(f07b089f2dede914a900c8e34e599f38) Importer(815301076,1909f56bfc062723c751e8b465ee728b)
Start importing Assets/3D Models/BrokenVector/LowPolyCarPack/Prefabs/Car_5_Yellow.prefab using Guid(f07b089f2dede914a900c8e34e599f38) Importer(815301076,1909f56bfc062723c751e8b465ee728b)  -> (artifact id: '66cd99c2c5c3ba5bf6d1b803a3dd8bd1') in 0.029451 seconds 
========================================================================
Received Import Request.
  Time since last request: 0.000024 seconds.
  path: Assets/3D Models/BrokenVector/LowPolyCarPack/Prefabs/Car_5_Green.prefab
  artifactKey: Guid(4306cd5466419674c91dc425c00e18db) Importer(815301076,1909f56bfc062723c751e8b465ee728b)
Start importing Assets/3D Models/BrokenVector/LowPolyCarPack/Prefabs/Car_5_Green.prefab using Guid(4306cd5466419674c91dc425c00e18db) Importer(815301076,1909f56bfc062723c751e8b465ee728b)  -> (artifact id: '7e2a3cd3da91100f15fa9051535b572b') in 0.033733 seconds 
========================================================================
Received Import Request.
  Time since last request: 0.000056 seconds.
  path: Assets/3D Models/BrokenVector/LowPolyCarPack/Prefabs/Truck_1_Blue.prefab
  artifactKey: Guid(2acf3729bc7663740a4b13c7b0129ad5) Importer(815301076,1909f56bfc062723c751e8b465ee728b)
Start importing Assets/3D Models/BrokenVector/LowPolyCarPack/Prefabs/Truck_1_Blue.prefab using Guid(2acf3729bc7663740a4b13c7b0129ad5) Importer(815301076,1909f56bfc062723c751e8b465ee728b)  -> (artifact id: 'c2794845c06a0d9ce4f0cb8d33f40082') in 0.038717 seconds 
========================================================================
Received Import Request.
  Time since last request: 0.000029 seconds.
  path: Assets/3D Models/BrokenVector/LowPolyCarPack/Prefabs/Car_5_Silver.prefab
  artifactKey: Guid(7b12ba8dfc2058c41a2bea3034f51382) Importer(815301076,1909f56bfc062723c751e8b465ee728b)
Start importing Assets/3D Models/BrokenVector/LowPolyCarPack/Prefabs/Car_5_Silver.prefab using Guid(7b12ba8dfc2058c41a2bea3034f51382) Importer(815301076,1909f56bfc062723c751e8b465ee728b)  -> (artifact id: '4be461db4fac4716abb19cd37b751974') in 0.029163 seconds 
========================================================================
Received Import Request.
  Time since last request: 0.000027 seconds.
  path: Assets/3D Models/BrokenVector/LowPolyCarPack/Prefabs/Bus_Purple.prefab
  artifactKey: Guid(5adfb85edd20cd349a00b89cd118b625) Importer(815301076,1909f56bfc062723c751e8b465ee728b)
Start importing Assets/3D Models/BrokenVector/LowPolyCarPack/Prefabs/Bus_Purple.prefab using Guid(5adfb85edd20cd349a00b89cd118b625) Importer(815301076,1909f56bfc062723c751e8b465ee728b)  -> (artifact id: 'fd98a4a2051e700bf86f1a0865a3afa8') in 0.030200 seconds 
========================================================================
Received Import Request.
  Time since last request: 0.000026 seconds.
  path: Assets/3D Models/BrokenVector/LowPolyCarPack/Prefabs/Car_2_Red.prefab
  artifactKey: Guid(8e6432cafa5803946a9c3011999db1f7) Importer(815301076,1909f56bfc062723c751e8b465ee728b)
Start importing Assets/3D Models/BrokenVector/LowPolyCarPack/Prefabs/Car_2_Red.prefab using Guid(8e6432cafa5803946a9c3011999db1f7) Importer(815301076,1909f56bfc062723c751e8b465ee728b)  -> (artifact id: '91faf2b9e2192c2743067c337c7768dd') in 0.029183 seconds 
========================================================================
Received Import Request.
  Time since last request: 0.000036 seconds.
  path: Assets/3D Models/BrokenVector/LowPolyCarPack/Prefabs/Bus_Silver.prefab
  artifactKey: Guid(74b8b40c5d3c66c408d145d8c7c51c8b) Importer(815301076,1909f56bfc062723c751e8b465ee728b)
Start importing Assets/3D Models/BrokenVector/LowPolyCarPack/Prefabs/Bus_Silver.prefab using Guid(74b8b40c5d3c66c408d145d8c7c51c8b) Importer(815301076,1909f56bfc062723c751e8b465ee728b)  -> (artifact id: '7428bccad6fe1ac358e7d7eef814296f') in 0.031247 seconds 
Editor requested this worker to shutdown with reason: Scaling down because of idle timeout
AssetImportWorker is now disconnected from the server
Process exiting
Exiting without the bug reporter. Application will terminate with return code 0